TN:
SF:../cancelRegister.ts
FNF:0
FNH:0
DA:8,0
LF:1
LH:0
BRF:0
BRH:0
end_of_record
TN:
SF:../clipboardUtils.ts
FN:4,copyToClipboard
FN:9,(anonymous_1)
FN:17,(anonymous_2)
FNF:3
FNH:0
FNDA:0,copyToClipboard
FNDA:0,(anonymous_1)
FNDA:0,(anonymous_2)
DA:2,0
DA:4,0
DA:8,0
DA:10,0
DA:18,0
LF:5
LH:0
BRF:0
BRH:0
end_of_record
TN:
SF:../constants.ts
FNF:0
FNH:0
DA:1,0
DA:6,0
DA:26,0
LF:3
LH:0
BRF:0
BRH:0
end_of_record
TN:
SF:../coordinatesParser.ts
FN:33,parseCoordinates
FN:37,(anonymous_1)
FN:215,toLatLon
FN:230,(anonymous_6)
FN:233,toLatLon1
FNF:5
FNH:0
FNDA:0,parseCoordinates
FNDA:0,(anonymous_1)
FNDA:0,toLatLon
FNDA:0,(anonymous_6)
FNDA:0,toLatLon1
DA:1,0
DA:6,0
DA:8,0
DA:10,0
DA:12,0
DA:14,0
DA:16,0
DA:18,0
DA:21,0
DA:31,0
DA:33,0
DA:34,0
DA:36,0
DA:37,0
DA:43,0
DA:45,0
DA:47,0
DA:49,0
DA:50,0
DA:52,0
DA:53,0
DA:56,0
DA:57,0
DA:59,0
DA:60,0
DA:61,0
DA:63,0
DA:64,0
DA:65,0
DA:66,0
DA:67,0
DA:68,0
DA:69,0
DA:70,0
DA:71,0
DA:72,0
DA:73,0
DA:75,0
DA:77,0
DA:86,0
DA:87,0
DA:91,0
DA:93,0
DA:95,0
DA:96,0
DA:108,0
DA:109,0
DA:121,0
DA:122,0
DA:134,0
DA:135,0
DA:147,0
DA:148,0
DA:160,0
DA:161,0
DA:173,0
DA:174,0
DA:186,0
DA:187,0
DA:199,0
DA:200,0
DA:212,0
DA:225,0
DA:230,0
DA:239,0
DA:247,0
DA:251,0
DA:254,0
LF:68
LH:0
BRDA:36,0,0,0
BRDA:52,1,0,0
BRDA:56,2,0,0
BRDA:56,2,1,0
BRDA:60,3,0,0
BRDA:60,3,1,0
BRDA:64,4,0,0
BRDA:64,4,1,0
BRDA:66,5,0,0
BRDA:66,5,1,0
BRDA:68,6,0,0
BRDA:68,6,1,0
BRDA:70,7,0,0
BRDA:70,7,1,0
BRDA:72,8,0,0
BRDA:72,8,1,0
BRDA:78,9,0,0
BRDA:78,9,1,0
BRDA:86,10,0,0
BRDA:95,11,0,0
BRDA:108,12,0,0
BRDA:121,13,0,0
BRDA:134,14,0,0
BRDA:147,15,0,0
BRDA:160,16,0,0
BRDA:173,17,0,0
BRDA:186,18,0,0
BRDA:199,19,0,0
BRDA:239,20,0,0
BRDA:240,21,0,0
BRDA:240,21,1,0
BRDA:240,21,2,0
BRDA:240,21,3,0
BRDA:240,21,4,0
BRDA:240,21,5,0
BRDA:251,22,0,0
BRDA:251,22,1,0
BRDA:255,23,0,0
BRDA:255,23,1,0
BRDA:255,24,0,0
BRDA:255,24,1,0
BRDA:256,25,0,0
BRDA:256,25,1,0
BRDA:256,26,0,0
BRDA:256,26,1,0
BRF:45
BRH:0
end_of_record
TN:
SF:../dateUtils.ts
FN:1,toDatetimeLocal
FN:2,(anonymous_1)
FNF:2
FNH:0
FNDA:0,toDatetimeLocal
FNDA:0,(anonymous_1)
DA:1,0
DA:2,0
DA:4,0
DA:6,0
DA:8,0
DA:10,0
DA:12,0
DA:14,0
DA:16,0
LF:9
LH:0
BRDA:2,0,0,0
BRDA:2,0,1,0
BRF:2
BRH:0
end_of_record
TN:
SF:../externalUrlUtils.ts
FN:3,getOsmUrl
FN:16,getZbgisUrl
FN:21,getHikingSkUrl
FN:45,getPeakfinderUrl
FN:49,getGoogleUrl
FN:60,getMapyCzUrl
FN:71,getWazeUrl
FN:75,getF4mapUrl
FN:82,getGeocachingUrl
FN:93,getOpenStreetCamUrl
FN:101,getMapillaryUrl
FN:109,getIdUrl
FN:115,getOmaUrl
FN:124,getTwitterUrl
FNF:14
FNH:0
FNDA:0,getOsmUrl
FNDA:0,getZbgisUrl
FNDA:0,getHikingSkUrl
FNDA:0,getPeakfinderUrl
FNDA:0,getGoogleUrl
FNDA:0,getMapyCzUrl
FNDA:0,getWazeUrl
FNDA:0,getF4mapUrl
FNDA:0,getGeocachingUrl
FNDA:0,getOpenStreetCamUrl
FNDA:0,getMapillaryUrl
FNDA:0,getIdUrl
FNDA:0,getOmaUrl
FNDA:0,getTwitterUrl
DA:1,0
DA:3,0
DA:9,0
DA:16,0
DA:17,0
DA:21,0
DA:27,0
DA:29,0
DA:36,0
DA:37,0
DA:39,0
DA:42,0
DA:45,0
DA:46,0
DA:49,0
DA:55,0
DA:60,0
DA:66,0
DA:71,0
DA:72,0
DA:75,0
DA:76,0
DA:82,0
DA:87,0
DA:93,0
DA:98,0
DA:101,0
DA:106,0
DA:109,0
DA:110,0
DA:115,0
DA:121,0
DA:124,0
DA:125,0
LF:34
LH:0
BRDA:9,0,0,0
BRDA:9,0,1,0
BRDA:30,1,0,0
BRDA:30,1,1,0
BRDA:36,2,0,0
BRDA:55,3,0,0
BRDA:55,3,1,0
BRDA:67,4,0,0
BRDA:67,4,1,0
BRDA:68,5,0,0
BRDA:68,5,1,0
BRF:11
BRH:0
end_of_record
TN:
SF:../fbLoader.ts
FN:3,loadFb
FN:8,fbAsyncInit
FN:18,(anonymous_2)
FN:29,(anonymous_3)
FN:33,(anonymous_4)
FNF:5
FNH:0
FNDA:0,loadFb
FNDA:0,fbAsyncInit
FNDA:0,(anonymous_2)
FNDA:0,(anonymous_3)
FNDA:0,(anonymous_4)
DA:3,0
DA:4,0
DA:5,0
DA:8,0
DA:9,0
DA:18,0
DA:19,0
DA:21,0
DA:23,0
DA:25,0
DA:29,0
DA:30,0
DA:33,0
DA:34,0
DA:37,0
DA:39,0
DA:40,0
DA:42,0
DA:46,0
LF:19
LH:0
BRDA:4,0,0,0
BRDA:26,1,0,0
BRDA:26,1,1,0
BRDA:26,2,0,0
BRDA:26,2,1,0
BRDA:26,3,0,0
BRDA:26,3,1,0
BRDA:26,4,0,0
BRDA:26,4,1,0
BRDA:39,5,0,0
BRDA:39,5,1,0
BRDA:39,6,0,0
BRDA:39,6,1,0
BRF:13
BRH:0
end_of_record
TN:
SF:../galleryUtils.ts
FN:4,createFilter
FN:28,plusDay
FNF:2
FNH:0
FNDA:0,createFilter
FNDA:0,plusDay
DA:4,0
DA:15,0
DA:29,0
DA:30,0
DA:33,0
DA:35,0
DA:37,0
LF:7
LH:0
BRDA:20,0,0,0
BRDA:20,0,1,0
BRDA:20,1,0,0
BRDA:20,1,1,0
BRDA:21,2,0,0
BRDA:21,2,1,0
BRDA:21,3,0,0
BRDA:21,3,1,0
BRDA:22,4,0,0
BRDA:22,4,1,0
BRDA:22,5,0,0
BRDA:22,5,1,0
BRDA:23,6,0,0
BRDA:23,6,1,0
BRDA:23,7,0,0
BRDA:23,7,1,0
BRDA:29,8,0,0
BRF:17
BRH:0
end_of_record
TN:
SF:../gapiLoader.ts
FN:3,loadGapi
FN:8,(anonymous_1)
FN:17,(anonymous_2)
FN:21,(anonymous_3)
FN:37,getAuth2
FN:44,(anonymous_5)
FN:45,(anonymous_6)
FNF:7
FNH:0
FNDA:0,loadGapi
FNDA:0,(anonymous_1)
FNDA:0,(anonymous_2)
FNDA:0,(anonymous_3)
FNDA:0,getAuth2
FNDA:0,(anonymous_5)
FNDA:0,(anonymous_6)
DA:3,0
DA:4,0
DA:5,0
DA:8,0
DA:9,0
DA:11,0
DA:13,0
DA:15,0
DA:17,0
DA:18,0
DA:21,0
DA:22,0
DA:25,0
DA:27,0
DA:28,0
DA:30,0
DA:34,0
DA:37,0
DA:42,0
DA:44,0
DA:45,0
DA:46,0
DA:50,0
LF:23
LH:0
BRDA:4,0,0,0
BRDA:27,1,0,0
BRDA:27,1,1,0
BRDA:27,2,0,0
BRDA:27,2,1,0
BRDA:38,3,0,0
BRF:6
BRH:0
end_of_record
TN:
SF:../geoutils.ts
FN:10,formatGpsCoord
FN:65,distance
FN:82,bearing
FN:99,toRad
FN:103,getCurrentPosition
FN:104,(anonymous_5)
FN:105,(anonymous_6)
FN:109,(anonymous_7)
FN:121,containsElevations
FN:131,smoothElevations
FN:137,(anonymous_10)
FN:140,(anonymous_11)
FN:153,(anonymous_12)
FN:167,toLatLng
FN:171,toLatLngArr
FN:175,latLonToString
FN:188,positionsEqual
FN:193,mergeLines
FN:326,shouldBeArea
FNF:19
FNH:0
FNDA:0,formatGpsCoord
FNDA:0,distance
FNDA:0,bearing
FNDA:0,toRad
FNDA:0,getCurrentPosition
FNDA:0,(anonymous_5)
FNDA:0,(anonymous_6)
FNDA:0,(anonymous_7)
FNDA:0,containsElevations
FNDA:0,smoothElevations
FNDA:0,(anonymous_10)
FNDA:0,(anonymous_11)
FNDA:0,(anonymous_12)
FNDA:0,toLatLng
FNDA:0,toLatLngArr
FNDA:0,latLonToString
FNDA:0,positionsEqual
FNDA:0,mergeLines
FNDA:0,shouldBeArea
DA:1,0
DA:6,0
DA:10,0
DA:16,0
DA:18,0
DA:20,0
DA:21,0
DA:23,0
DA:26,0
DA:28,0
DA:30,0
DA:32,0
DA:37,0
DA:41,0
DA:43,0
DA:48,0
DA:52,0
DA:59,0
DA:65,0
DA:72,0
DA:79,0
DA:82,0
DA:88,0
DA:90,0
DA:93,0
DA:96,0
DA:99,0
DA:100,0
DA:103,0
DA:104,0
DA:105,0
DA:106,0
DA:109,0
DA:110,0
DA:113,0
DA:121,0
DA:122,0
DA:131,0
DA:135,0
DA:137,0
DA:138,0
DA:140,0
DA:143,0
DA:145,0
DA:147,0
DA:153,0
DA:155,0
DA:157,0
DA:158,0
DA:161,0
DA:163,0
DA:167,0
DA:168,0
DA:171,0
DA:172,0
DA:175,0
DA:180,0
DA:188,0
DA:189,0
DA:193,0
DA:197,0
DA:198,0
DA:199,0
DA:201,0
DA:203,0
DA:204,0
DA:207,0
DA:208,0
DA:210,0
DA:212,0
DA:213,0
DA:216,0
DA:217,0
DA:219,0
DA:221,0
DA:224,0
DA:227,0
DA:233,0
DA:235,0
DA:237,0
DA:240,0
DA:243,0
DA:249,0
DA:251,0
DA:253,0
DA:256,0
DA:259,0
DA:265,0
DA:267,0
DA:269,0
DA:272,0
DA:277,0
DA:280,0
DA:281,0
DA:283,0
DA:287,0
DA:291,0
DA:292,0
DA:293,0
DA:295,0
DA:297,0
DA:298,0
DA:301,0
DA:302,0
DA:303,0
DA:306,0
DA:308,0
DA:310,0
DA:311,0
DA:313,0
DA:315,0
DA:317,0
DA:322,0
DA:326,0
DA:327,0
LF:115
LH:0
BRDA:13,0,0,0
BRDA:20,1,0,0
BRDA:21,2,0,0
BRDA:21,2,1,0
BRDA:26,3,0,0
BRDA:26,3,1,0
BRDA:26,3,2,0
BRDA:26,3,3,0
BRDA:123,4,0,0
BRDA:123,4,1,0
BRDA:123,4,2,0
BRDA:145,5,0,0
BRDA:157,6,0,0
BRDA:178,7,0,0
BRDA:189,8,0,0
BRDA:189,8,1,0
BRDA:195,9,0,0
BRDA:203,10,0,0
BRDA:212,11,0,0
BRDA:216,12,0,0
BRDA:227,13,0,0
BRDA:243,14,0,0
BRDA:259,15,0,0
BRDA:283,16,0,0
BRDA:284,17,0,0
BRDA:284,17,1,0
BRDA:297,18,0,0
BRDA:302,19,0,0
BRDA:310,20,0,0
BRDA:310,21,0,0
BRDA:310,21,1,0
BRDA:329,22,0,0
BRDA:329,22,1,0
BRDA:329,22,2,0
BRDA:329,22,3,0
BRF:35
BRH:0
end_of_record
TN:
SF:../globalErrorHandler.ts
FN:8,setStore
FN:12,toJSON
FN:25,(anonymous_2)
FN:46,sendError
FN:82,(anonymous_4)
FN:83,(anonymous_5)
FN:90,(anonymous_6)
FN:93,(anonymous_7)
FN:100,handle
FNF:9
FNH:0
FNDA:0,setStore
FNDA:0,toJSON
FNDA:0,(anonymous_2)
FNDA:0,sendError
FNDA:0,(anonymous_4)
FNDA:0,(anonymous_5)
FNDA:0,(anonymous_6)
FNDA:0,(anonymous_7)
FNDA:0,handle
DA:1,0
DA:2,0
DA:3,0
DA:8,0
DA:9,0
DA:12,0
DA:13,0
DA:25,0
DA:26,0
DA:46,0
DA:48,0
DA:49,0
DA:52,0
DA:54,0
DA:56,0
DA:57,0
DA:60,0
DA:62,0
DA:67,0
DA:82,0
DA:84,0
DA:90,0
DA:94,0
DA:96,0
DA:101,0
DA:102,0
DA:104,0
LF:27
LH:0
BRDA:48,0,0,0
BRDA:56,1,0,0
BRDA:57,2,0,0
BRDA:57,2,1,0
BRDA:57,3,0,0
BRDA:57,3,1,0
BRDA:60,4,0,0
BRDA:60,4,1,0
BRDA:60,5,0,0
BRDA:60,5,1,0
BRDA:62,6,0,0
BRDA:62,6,1,0
BRDA:62,7,0,0
BRDA:62,7,1,0
BRDA:82,8,0,0
BRDA:82,8,1,0
BRDA:84,9,0,0
BRDA:84,9,1,0
BRDA:85,10,0,0
BRDA:85,10,1,0
BRDA:90,11,0,0
BRDA:90,11,1,0
BRDA:101,12,0,0
BRDA:101,12,1,0
BRF:24
BRH:0
end_of_record
TN:
SF:../historyHolder.ts
FNF:0
FNH:0
DA:1,0
DA:3,0
LF:2
LH:0
BRF:0
BRH:0
end_of_record
TN:
SF:../httpRequest.ts
FN:14,addHeader
FN:34,httpRequest
FN:55,(anonymous_2)
FNF:3
FNH:0
FNDA:0,addHeader
FNDA:0,httpRequest
FNDA:0,(anonymous_2)
DA:2,0
DA:3,0
DA:14,0
DA:19,0
DA:20,0
DA:23,0
DA:24,0
DA:25,0
DA:26,0
DA:27,0
DA:28,0
DA:31,0
DA:34,0
DA:50,0
DA:51,0
DA:53,0
DA:56,0
DA:60,0
DA:63,0
DA:70,0
DA:72,0
DA:74,0
DA:75,0
DA:77,0
DA:79,0
DA:82,0
DA:83,0
DA:85,0
DA:88,0
DA:91,0
DA:92,0
DA:97,0
DA:99,0
DA:102,0
DA:104,0
DA:111,0
DA:114,0
DA:116,0
DA:117,0
LF:39
LH:0
BRDA:19,0,0,0
BRDA:23,1,0,0
BRDA:23,1,1,0
BRDA:25,2,0,0
BRDA:25,2,1,0
BRDA:27,3,0,0
BRDA:38,4,0,0
BRDA:50,5,0,0
BRDA:50,6,0,0
BRDA:50,6,1,0
BRDA:56,7,0,0
BRDA:56,7,1,0
BRDA:56,8,0,0
BRDA:56,8,1,0
BRDA:63,9,0,0
BRDA:63,9,1,0
BRDA:74,10,0,0
BRDA:74,11,0,0
BRDA:74,11,1,0
BRDA:82,12,0,0
BRDA:93,13,0,0
BRDA:93,13,1,0
BRDA:104,14,0,0
BRDA:105,15,0,0
BRDA:105,15,1,0
BRDA:107,16,0,0
BRDA:107,16,1,0
BRDA:116,17,0,0
BRF:28
BRH:0
end_of_record
TN:
SF:../index.tsx
FN:31,(anonymous_0)
FN:71,(anonymous_1)
FN:82,setVh
FN:135,(anonymous_3)
FNF:4
FNH:0
FNDA:0,(anonymous_0)
FNDA:0,(anonymous_1)
FNDA:0,setVh
FNDA:0,(anonymous_3)
DA:1,0
DA:6,0
DA:7,0
DA:8,0
DA:9,0
DA:10,0
DA:11,0
DA:12,0
DA:13,0
DA:14,0
DA:15,0
DA:16,0
DA:17,0
DA:18,0
DA:19,0
DA:20,0
DA:21,0
DA:22,0
DA:23,0
DA:24,0
DA:26,0
DA:27,0
DA:31,0
DA:33,0
DA:37,0
DA:41,0
DA:48,0
DA:54,0
DA:56,0
DA:58,0
DA:60,0
DA:67,0
DA:69,0
DA:71,0
DA:72,0
DA:75,0
DA:77,0
DA:79,0
DA:83,0
DA:86,0
DA:88,0
DA:90,0
DA:92,0
DA:93,0
DA:108,0
DA:110,0
DA:111,0
DA:114,0
DA:131,0
DA:132,0
DA:135,0
DA:136,0
DA:138,0
DA:139,0
DA:140,0
DA:145,0
LF:56
LH:0
BRDA:26,0,0,0
BRDA:33,1,0,0
BRDA:34,2,0,0
BRDA:34,2,1,0
BRDA:41,3,0,0
BRDA:42,4,0,0
BRDA:42,4,1,0
BRDA:42,4,2,0
BRDA:54,5,0,0
BRDA:54,5,1,0
BRDA:92,6,0,0
BRDA:92,7,0,0
BRDA:92,7,1,0
BRDA:92,7,2,0
BRDA:110,8,0,0
BRDA:131,9,0,0
BRDA:138,10,0,0
BRDA:138,11,0,0
BRDA:138,11,1,0
BRDA:138,11,2,0
BRDA:139,12,0,0
BRF:21
BRH:0
end_of_record
TN:
SF:../keyboardHandler.ts
FN:41,handleEvent
FN:169,(anonymous_1)
FN:183,(anonymous_2)
FN:189,(anonymous_3)
FN:203,(anonymous_4)
FN:255,(anonymous_5)
FN:275,(anonymous_6)
FN:372,attachKeyboardHandler
FN:373,(anonymous_8)
FNF:9
FNH:0
FNDA:0,handleEvent
FNDA:0,(anonymous_1)
FNDA:0,(anonymous_2)
FNDA:0,(anonymous_3)
FNDA:0,(anonymous_4)
FNDA:0,(anonymous_5)
FNDA:0,(anonymous_6)
FNDA:0,attachKeyboardHandler
FNDA:0,(anonymous_8)
DA:1,0
DA:7,0
DA:11,0
DA:12,0
DA:21,0
DA:30,0
DA:31,0
DA:33,0
DA:35,0
DA:37,0
DA:39,0
DA:43,0
DA:46,0
DA:51,0
DA:59,0
DA:60,0
DA:63,0
DA:66,0
DA:67,0
DA:70,0
DA:71,0
DA:74,0
DA:75,0
DA:78,0
DA:79,0
DA:82,0
DA:83,0
DA:86,0
DA:87,0
DA:90,0
DA:91,0
DA:94,0
DA:104,0
DA:107,0
DA:108,0
DA:111,0
DA:114,0
DA:118,0
DA:121,0
DA:122,0
DA:123,0
DA:125,0
DA:128,0
DA:129,0
DA:131,0
DA:135,0
DA:136,0
DA:139,0
DA:140,0
DA:141,0
DA:144,0
DA:145,0
DA:149,0
DA:154,0
DA:155,0
DA:158,0
DA:159,0
DA:163,0
DA:168,0
DA:169,0
DA:173,0
DA:180,0
DA:183,0
DA:185,0
DA:188,0
DA:189,0
DA:193,0
DA:200,0
DA:203,0
DA:205,0
DA:207,0
DA:208,0
DA:210,0
DA:213,0
DA:217,0
DA:230,0
DA:233,0
DA:234,0
DA:235,0
DA:237,0
DA:239,0
DA:242,0
DA:245,0
DA:253,0
DA:255,0
DA:256,0
DA:258,0
DA:261,0
DA:264,0
DA:265,0
DA:266,0
DA:267,0
DA:270,0
DA:271,0
DA:274,0
DA:275,0
DA:278,0
DA:279,0
DA:282,0
DA:285,0
DA:286,0
DA:288,0
DA:291,0
DA:294,0
DA:297,0
DA:300,0
DA:303,0
DA:306,0
DA:309,0
DA:312,0
DA:315,0
DA:318,0
DA:321,0
DA:324,0
DA:327,0
DA:331,0
DA:332,0
DA:334,0
DA:337,0
DA:340,0
DA:343,0
DA:347,0
DA:348,0
DA:350,0
DA:353,0
DA:356,0
DA:359,0
DA:362,0
DA:365,0
DA:369,0
DA:372,0
DA:373,0
DA:374,0
DA:376,0
DA:377,0
DA:380,0
DA:381,0
DA:383,0
DA:385,0
DA:388,0
DA:389,0
DA:391,0
LF:142
LH:0
BRDA:43,0,0,0
BRDA:43,0,1,0
BRDA:43,0,2,0
BRDA:43,0,3,0
BRDA:46,1,0,0
BRDA:46,1,1,0
BRDA:46,1,2,0
BRDA:51,2,0,0
BRDA:51,2,1,0
BRDA:51,2,2,0
BRDA:59,3,0,0
BRDA:59,4,0,0
BRDA:59,4,1,0
BRDA:60,5,0,0
BRDA:66,6,0,0
BRDA:70,7,0,0
BRDA:71,8,0,0
BRDA:71,8,1,0
BRDA:74,9,0,0
BRDA:78,10,0,0
BRDA:82,11,0,0
BRDA:86,12,0,0
BRDA:90,13,0,0
BRDA:94,14,0,0
BRDA:94,15,0,0
BRDA:94,15,1,0
BRDA:94,15,2,0
BRDA:107,16,0,0
BRDA:107,17,0,0
BRDA:107,17,1,0
BRDA:107,17,2,0
BRDA:114,18,0,0
BRDA:115,19,0,0
BRDA:115,19,1,0
BRDA:121,20,0,0
BRDA:121,21,0,0
BRDA:121,21,1,0
BRDA:121,21,2,0
BRDA:122,22,0,0
BRDA:128,23,0,0
BRDA:135,24,0,0
BRDA:139,25,0,0
BRDA:140,26,0,0
BRDA:144,27,0,0
BRDA:144,28,0,0
BRDA:144,28,1,0
BRDA:149,29,0,0
BRDA:150,30,0,0
BRDA:150,30,1,0
BRDA:150,30,2,0
BRDA:154,31,0,0
BRDA:158,32,0,0
BRDA:163,33,0,0
BRDA:164,34,0,0
BRDA:164,34,1,0
BRDA:164,34,2,0
BRDA:164,34,3,0
BRDA:164,34,4,0
BRDA:169,35,0,0
BRDA:169,35,1,0
BRDA:169,35,2,0
BRDA:173,36,0,0
BRDA:173,36,1,0
BRDA:173,37,0,0
BRDA:173,37,1,0
BRDA:175,38,0,0
BRDA:175,38,1,0
BRDA:175,39,0,0
BRDA:175,39,1,0
BRDA:175,39,2,0
BRDA:175,40,0,0
BRDA:175,40,1,0
BRDA:175,41,0,0
BRDA:175,41,1,0
BRDA:180,42,0,0
BRDA:181,43,0,0
BRDA:181,43,1,0
BRDA:181,43,2,0
BRDA:189,44,0,0
BRDA:189,44,1,0
BRDA:189,44,2,0
BRDA:193,45,0,0
BRDA:193,45,1,0
BRDA:193,46,0,0
BRDA:193,46,1,0
BRDA:195,47,0,0
BRDA:195,47,1,0
BRDA:195,48,0,0
BRDA:195,48,1,0
BRDA:195,48,2,0
BRDA:195,49,0,0
BRDA:195,49,1,0
BRDA:195,50,0,0
BRDA:195,50,1,0
BRDA:200,51,0,0
BRDA:201,52,0,0
BRDA:201,52,1,0
BRDA:201,52,2,0
BRDA:207,53,0,0
BRDA:207,53,1,0
BRDA:217,54,0,0
BRDA:218,55,0,0
BRDA:218,55,1,0
BRDA:218,55,2,0
BRDA:218,55,3,0
BRDA:218,55,4,0
BRDA:218,55,5,0
BRDA:218,55,6,0
BRDA:223,56,0,0
BRDA:223,56,1,0
BRDA:223,57,0,0
BRDA:223,57,1,0
BRDA:225,58,0,0
BRDA:225,58,1,0
BRDA:233,59,0,0
BRDA:233,60,0,0
BRDA:233,60,1,0
BRDA:234,61,0,0
BRDA:245,62,0,0
BRDA:246,63,0,0
BRDA:246,63,1,0
BRDA:246,63,2,0
BRDA:246,63,3,0
BRDA:246,63,4,0
BRDA:246,63,5,0
BRDA:264,64,0,0
BRDA:265,65,0,0
BRDA:266,66,0,0
BRDA:270,67,0,0
BRDA:278,68,0,0
BRDA:278,69,0,0
BRDA:278,69,1,0
BRDA:278,70,0,0
BRDA:278,70,1,0
BRDA:285,71,0,0
BRDA:286,72,0,0
BRDA:286,72,1,0
BRDA:286,72,2,0
BRDA:286,72,3,0
BRDA:286,72,4,0
BRDA:286,72,5,0
BRDA:286,72,6,0
BRDA:286,72,7,0
BRDA:286,72,8,0
BRDA:286,72,9,0
BRDA:286,72,10,0
BRDA:286,72,11,0
BRDA:286,72,12,0
BRDA:286,72,13,0
BRDA:331,73,0,0
BRDA:332,74,0,0
BRDA:332,74,1,0
BRDA:332,74,2,0
BRDA:332,74,3,0
BRDA:347,75,0,0
BRDA:348,76,0,0
BRDA:348,76,1,0
BRDA:348,76,2,0
BRDA:348,76,3,0
BRDA:348,76,4,0
BRDA:376,77,0,0
BRDA:380,78,0,0
BRDA:388,79,0,0
BRF:163
BRH:0
end_of_record
TN:
SF:../l10nInjector.tsx
FN:6,useLocalMessages
FN:9,(anonymous_1)
FN:13,(anonymous_2)
FN:18,useMessages
FN:20,(anonymous_4)
FN:25,getMessageByKey
FNF:6
FNH:2
FNDA:0,useLocalMessages
FNDA:0,(anonymous_1)
FNDA:0,(anonymous_2)
FNDA:4,useMessages
FNDA:4,(anonymous_4)
FNDA:0,getMessageByKey
DA:1,1
DA:2,1
DA:3,1
DA:6,1
DA:9,0
DA:13,0
DA:15,0
DA:18,1
DA:20,4
DA:22,0
DA:25,1
DA:26,0
DA:27,0
DA:30,0
DA:32,0
DA:34,0
DA:35,0
DA:36,0
DA:38,0
DA:42,0
LF:20
LH:7
BRDA:26,0,0,0
BRDA:35,1,0,0
BRDA:35,1,1,0
BRF:3
BRH:0
end_of_record
TN:
SF:../langUtils.ts
FN:1,getEffectiveChosenLanguage
FN:7,(anonymous_1)
FN:8,(anonymous_2)
FN:13,simplify
FNF:4
FNH:0
FNDA:0,getEffectiveChosenLanguage
FNDA:0,(anonymous_1)
FNDA:0,(anonymous_2)
FNDA:0,simplify
DA:1,0
DA:4,0
DA:7,0
DA:8,0
DA:14,0
LF:5
LH:0
BRDA:5,0,0,0
BRDA:5,0,1,0
BRDA:5,0,2,0
BRDA:6,1,0,0
BRDA:6,1,1,0
BRDA:8,2,0,0
BRDA:8,2,1,0
BRDA:14,3,0,0
BRDA:14,3,1,0
BRDA:14,4,0,0
BRDA:14,4,1,0
BRF:11
BRH:0
end_of_record
TN:
SF:../leafletElementHolder.ts
FN:5,(anonymous_0)
FN:9,setMapLeafletElement
FNF:2
FNH:0
FNDA:0,(anonymous_0)
FNDA:0,setMapLeafletElement
DA:5,0
DA:6,0
DA:9,0
DA:10,0
DA:11,0
LF:5
LH:0
BRDA:10,0,0,0
BRF:1
BRH:0
end_of_record
TN:
SF:../locationChangeHandler.ts
FN:72,parseQuery
FN:90,handleLocationChange
FN:143,(anonymous_2)
FN:144,(anonymous_3)
FN:151,(anonymous_4)
FN:185,(anonymous_6)
FN:193,(anonymous_7)
FN:203,(anonymous_8)
FN:234,(anonymous_9)
FN:350,(anonymous_10)
FN:353,(anonymous_11)
FN:354,(anonymous_12)
FN:356,(anonymous_13)
FN:357,(anonymous_14)
FN:450,(anonymous_15)
FN:455,(anonymous_16)
FN:456,(anonymous_27)
FN:486,(anonymous_28)
FN:490,(anonymous_29)
FN:496,(anonymous_30)
FN:652,trackedDevicesEquals
FN:662,handleGallery
FN:787,(anonymous_33)
FN:792,parseColorAndLabel
FN:823,handleInfoPoint
FN:841,(anonymous_36)
FN:844,(anonymous_37)
FN:845,(anonymous_38)
FN:868,(anonymous_39)
FN:875,(anonymous_40)
FN:889,serializePoints
FN:891,(anonymous_42)
FN:895,serializePoint
FNF:33
FNH:0
FNDA:0,parseQuery
FNDA:0,handleLocationChange
FNDA:0,(anonymous_2)
FNDA:0,(anonymous_3)
FNDA:0,(anonymous_4)
FNDA:0,(anonymous_6)
FNDA:0,(anonymous_7)
FNDA:0,(anonymous_8)
FNDA:0,(anonymous_9)
FNDA:0,(anonymous_10)
FNDA:0,(anonymous_11)
FNDA:0,(anonymous_12)
FNDA:0,(anonymous_13)
FNDA:0,(anonymous_14)
FNDA:0,(anonymous_15)
FNDA:0,(anonymous_16)
FNDA:0,(anonymous_27)
FNDA:0,(anonymous_28)
FNDA:0,(anonymous_29)
FNDA:0,(anonymous_30)
FNDA:0,trackedDevicesEquals
FNDA:0,handleGallery
FNDA:0,(anonymous_33)
FNDA:0,parseColorAndLabel
FNDA:0,handleInfoPoint
FNDA:0,(anonymous_36)
FNDA:0,(anonymous_37)
FNDA:0,(anonymous_38)
FNDA:0,(anonymous_39)
FNDA:0,(anonymous_40)
FNDA:0,serializePoints
FNDA:0,(anonymous_42)
FNDA:0,serializePoint
DA:1,0
DA:6,0
DA:7,0
DA:11,0
DA:19,0
DA:28,0
DA:33,0
DA:39,0
DA:43,0
DA:50,0
DA:51,0
DA:55,0
DA:58,0
DA:60,0
DA:61,0
DA:62,0
DA:63,0
DA:64,0
DA:65,0
DA:68,0
DA:73,0
DA:75,0
DA:76,0
DA:78,0
DA:79,0
DA:80,0
DA:81,0
DA:83,0
DA:87,0
DA:90,0
DA:91,0
DA:93,0
DA:95,0
DA:99,0
DA:102,0
DA:105,0
DA:109,0
DA:119,0
DA:122,0
DA:134,0
DA:135,0
DA:140,0
DA:144,0
DA:149,0
DA:152,0
DA:159,0
DA:162,0
DA:168,0
DA:183,0
DA:185,0
DA:186,0
DA:189,0
DA:191,0
DA:193,0
DA:195,0
DA:197,0
DA:204,0
DA:218,0
DA:220,0
DA:222,0
DA:248,0
DA:252,0
DA:264,0
DA:266,0
DA:270,0
DA:273,0
DA:275,0
DA:279,0
DA:282,0
DA:284,0
DA:285,0
DA:286,0
DA:288,0
DA:289,0
DA:292,0
DA:294,0
DA:296,0
DA:298,0
DA:299,0
DA:301,0
DA:303,0
DA:305,0
DA:306,0
DA:309,0
DA:311,0
DA:313,0
DA:317,0
DA:319,0
DA:320,0
DA:322,0
DA:324,0
DA:327,0
DA:328,0
DA:331,0
DA:333,0
DA:336,0
DA:342,0
DA:344,0
DA:345,0
DA:348,0
DA:351,0
DA:353,0
DA:354,0
DA:356,0
DA:357,0
DA:359,0
DA:360,0
DA:372,0
DA:376,0
DA:379,0
DA:381,0
DA:382,0
DA:384,0
DA:387,0
DA:389,0
DA:390,0
DA:392,0
DA:395,0
DA:397,0
DA:398,0
DA:401,0
DA:405,0
DA:407,0
DA:409,0
DA:410,0
DA:411,0
DA:413,0
DA:414,0
DA:417,0
DA:419,0
DA:421,0
DA:422,0
DA:423,0
DA:425,0
DA:426,0
DA:429,0
DA:432,0
DA:434,0
DA:435,0
DA:436,0
DA:438,0
DA:439,0
DA:442,0
DA:444,0
DA:446,0
DA:450,0
DA:451,0
DA:454,0
DA:455,0
DA:456,0
DA:459,0
DA:460,0
DA:461,0
DA:462,0
DA:466,0
DA:473,0
DA:478,0
DA:479,0
DA:482,0
DA:484,0
DA:486,0
DA:487,0
DA:488,0
DA:490,0
DA:491,0
DA:494,0
DA:496,0
DA:497,0
DA:498,0
DA:500,0
DA:501,0
DA:504,0
DA:506,0
DA:507,0
DA:514,0
DA:516,0
DA:517,0
DA:524,0
DA:526,0
DA:528,0
DA:530,0
DA:531,0
DA:532,0
DA:535,0
DA:537,0
DA:539,0
DA:541,0
DA:543,0
DA:545,0
DA:547,0
DA:549,0
DA:551,0
DA:553,0
DA:554,0
DA:556,0
DA:557,0
DA:560,0
DA:562,0
DA:564,0
DA:566,0
DA:569,0
DA:571,0
DA:574,0
DA:576,0
DA:579,0
DA:581,0
DA:584,0
DA:586,0
DA:589,0
DA:591,0
DA:594,0
DA:596,0
DA:599,0
DA:601,0
DA:604,0
DA:608,0
DA:621,0
DA:623,0
DA:624,0
DA:625,0
DA:626,0
DA:630,0
DA:632,0
DA:636,0
DA:638,0
DA:639,0
DA:641,0
DA:643,0
DA:646,0
DA:653,0
DA:667,0
DA:669,0
DA:671,0
DA:673,0
DA:675,0
DA:677,0
DA:679,0
DA:681,0
DA:683,0
DA:685,0
DA:687,0
DA:689,0
DA:691,0
DA:693,0
DA:695,0
DA:697,0
DA:699,0
DA:701,0
DA:703,0
DA:714,0
DA:716,0
DA:718,0
DA:719,0
DA:722,0
DA:723,0
DA:726,0
DA:727,0
DA:730,0
DA:731,0
DA:734,0
DA:739,0
DA:742,0
DA:747,0
DA:750,0
DA:755,0
DA:758,0
DA:763,0
DA:766,0
DA:767,0
DA:770,0
DA:771,0
DA:775,0
DA:776,0
DA:778,0
DA:779,0
DA:781,0
DA:782,0
DA:785,0
DA:787,0
DA:788,0
DA:800,0
DA:801,0
DA:802,0
DA:804,0
DA:806,0
DA:808,0
DA:809,0
DA:810,0
DA:811,0
DA:812,0
DA:813,0
DA:814,0
DA:815,0
DA:820,0
DA:829,0
DA:831,0
DA:833,0
DA:842,0
DA:844,0
DA:848,0
DA:850,0
DA:858,0
DA:860,0
DA:861,0
DA:865,0
DA:869,0
DA:876,0
DA:881,0
DA:884,0
DA:885,0
DA:890,0
DA:891,0
DA:896,0
LF:313
LH:0
BRDA:78,0,0,0
BRDA:78,0,1,0
BRDA:80,1,0,0
BRDA:80,1,1,0
BRDA:93,2,0,0
BRDA:93,2,1,0
BRDA:95,3,0,0
BRDA:95,3,1,0
BRDA:95,4,0,0
BRDA:95,4,1,0
BRDA:102,5,0,0
BRDA:102,5,1,0
BRDA:102,6,0,0
BRDA:102,6,1,0
BRDA:105,7,0,0
BRDA:106,8,0,0
BRDA:106,8,1,0
BRDA:107,9,0,0
BRDA:107,9,1,0
BRDA:107,10,0,0
BRDA:107,10,1,0
BRDA:107,11,0,0
BRDA:107,11,1,0
BRDA:107,12,0,0
BRDA:107,12,1,0
BRDA:107,13,0,0
BRDA:107,13,1,0
BRDA:107,14,0,0
BRDA:107,14,1,0
BRDA:119,15,0,0
BRDA:119,15,1,0
BRDA:122,16,0,0
BRDA:122,16,1,0
BRDA:122,17,0,0
BRDA:122,17,1,0
BRDA:124,18,0,0
BRDA:124,18,1,0
BRDA:126,19,0,0
BRDA:126,19,1,0
BRDA:128,20,0,0
BRDA:128,20,1,0
BRDA:130,21,0,0
BRDA:130,21,1,0
BRDA:134,22,0,0
BRDA:140,23,0,0
BRDA:140,23,1,0
BRDA:144,24,0,0
BRDA:144,24,1,0
BRDA:149,25,0,0
BRDA:149,25,1,0
BRDA:152,26,0,0
BRDA:152,26,1,0
BRDA:152,26,2,0
BRDA:152,26,3,0
BRDA:152,26,4,0
BRDA:152,26,5,0
BRDA:152,26,6,0
BRDA:162,27,0,0
BRDA:162,27,1,0
BRDA:162,28,0,0
BRDA:162,28,1,0
BRDA:164,29,0,0
BRDA:164,29,1,0
BRDA:168,30,0,0
BRDA:168,30,1,0
BRDA:169,31,0,0
BRDA:169,31,1,0
BRDA:186,32,0,0
BRDA:186,32,1,0
BRDA:197,33,0,0
BRDA:198,34,0,0
BRDA:198,34,1,0
BRDA:198,34,2,0
BRDA:198,34,3,0
BRDA:198,34,4,0
BRDA:198,34,5,0
BRDA:198,34,6,0
BRDA:198,34,7,0
BRDA:198,34,8,0
BRDA:198,34,9,0
BRDA:198,34,10,0
BRDA:198,34,11,0
BRDA:198,34,12,0
BRDA:206,35,0,0
BRDA:206,35,1,0
BRDA:207,36,0,0
BRDA:207,36,1,0
BRDA:210,37,0,0
BRDA:210,37,1,0
BRDA:210,38,0,0
BRDA:210,38,1,0
BRDA:212,39,0,0
BRDA:212,39,1,0
BRDA:212,40,0,0
BRDA:212,40,1,0
BRDA:213,41,0,0
BRDA:213,41,1,0
BRDA:213,42,0,0
BRDA:213,42,1,0
BRDA:215,43,0,0
BRDA:215,43,1,0
BRDA:215,44,0,0
BRDA:215,44,1,0
BRDA:216,45,0,0
BRDA:216,45,1,0
BRDA:216,46,0,0
BRDA:216,46,1,0
BRDA:229,47,0,0
BRDA:229,47,1,0
BRDA:229,48,0,0
BRDA:229,48,1,0
BRDA:229,48,2,0
BRDA:234,49,0,0
BRDA:234,49,1,0
BRDA:237,50,0,0
BRDA:237,50,1,0
BRDA:238,51,0,0
BRDA:238,51,1,0
BRDA:241,52,0,0
BRDA:241,52,1,0
BRDA:242,53,0,0
BRDA:242,53,1,0
BRDA:243,54,0,0
BRDA:243,54,1,0
BRDA:248,55,0,0
BRDA:249,56,0,0
BRDA:249,56,1,0
BRDA:266,57,0,0
BRDA:267,58,0,0
BRDA:267,58,1,0
BRDA:275,59,0,0
BRDA:276,60,0,0
BRDA:276,60,1,0
BRDA:284,61,0,0
BRDA:284,61,1,0
BRDA:285,62,0,0
BRDA:288,63,0,0
BRDA:298,64,0,0
BRDA:298,64,1,0
BRDA:305,65,0,0
BRDA:313,66,0,0
BRDA:314,67,0,0
BRDA:314,67,1,0
BRDA:314,67,2,0
BRDA:314,67,3,0
BRDA:314,67,4,0
BRDA:319,68,0,0
BRDA:327,69,0,0
BRDA:334,70,0,0
BRDA:334,70,1,0
BRDA:336,71,0,0
BRDA:337,72,0,0
BRDA:337,72,1,0
BRDA:337,72,2,0
BRDA:337,72,3,0
BRDA:344,73,0,0
BRDA:359,74,0,0
BRDA:362,75,0,0
BRDA:362,75,1,0
BRDA:362,76,0,0
BRDA:362,76,1,0
BRDA:366,77,0,0
BRDA:366,77,1,0
BRDA:366,78,0,0
BRDA:366,78,1,0
BRDA:372,79,0,0
BRDA:381,80,0,0
BRDA:389,81,0,0
BRDA:395,82,0,0
BRDA:395,82,1,0
BRDA:397,83,0,0
BRDA:397,84,0,0
BRDA:397,84,1,0
BRDA:402,85,0,0
BRDA:402,85,1,0
BRDA:407,86,0,0
BRDA:407,86,1,0
BRDA:409,87,0,0
BRDA:409,87,1,0
BRDA:410,88,0,0
BRDA:413,89,0,0
BRDA:419,90,0,0
BRDA:419,90,1,0
BRDA:421,91,0,0
BRDA:421,91,1,0
BRDA:422,92,0,0
BRDA:425,93,0,0
BRDA:432,94,0,0
BRDA:432,94,1,0
BRDA:434,95,0,0
BRDA:434,95,1,0
BRDA:435,96,0,0
BRDA:438,97,0,0
BRDA:446,98,0,0
BRDA:447,99,0,0
BRDA:447,99,1,0
BRDA:459,100,0,0
BRDA:461,101,0,0
BRDA:478,102,0,0
BRDA:478,103,0,0
BRDA:478,103,1,0
BRDA:486,104,0,0
BRDA:486,104,1,0
BRDA:486,105,0,0
BRDA:486,105,1,0
BRDA:487,106,0,0
BRDA:490,107,0,0
BRDA:490,108,0,0
BRDA:490,108,1,0
BRDA:496,109,0,0
BRDA:496,109,1,0
BRDA:496,110,0,0
BRDA:496,110,1,0
BRDA:497,111,0,0
BRDA:500,112,0,0
BRDA:506,113,0,0
BRDA:506,114,0,0
BRDA:506,114,1,0
BRDA:506,115,0,0
BRDA:506,115,1,0
BRDA:509,116,0,0
BRDA:509,116,1,0
BRDA:509,117,0,0
BRDA:509,117,1,0
BRDA:516,118,0,0
BRDA:516,119,0,0
BRDA:516,119,1,0
BRDA:516,120,0,0
BRDA:516,120,1,0
BRDA:519,121,0,0
BRDA:519,121,1,0
BRDA:519,122,0,0
BRDA:519,122,1,0
BRDA:526,123,0,0
BRDA:526,123,1,0
BRDA:526,124,0,0
BRDA:526,124,1,0
BRDA:531,125,0,0
BRDA:556,126,0,0
BRDA:562,127,0,0
BRDA:562,127,1,0
BRDA:562,127,2,0
BRDA:562,127,3,0
BRDA:562,127,4,0
BRDA:562,127,5,0
BRDA:562,127,6,0
BRDA:562,127,7,0
BRDA:562,127,8,0
BRDA:625,128,0,0
BRDA:638,129,0,0
BRDA:639,130,0,0
BRDA:639,130,1,0
BRDA:643,131,0,0
BRDA:644,132,0,0
BRDA:644,132,1,0
BRDA:644,133,0,0
BRDA:644,133,1,0
BRDA:644,134,0,0
BRDA:644,134,1,0
BRDA:644,135,0,0
BRDA:644,135,1,0
BRDA:644,136,0,0
BRDA:644,136,1,0
BRDA:654,137,0,0
BRDA:654,137,1,0
BRDA:654,137,2,0
BRDA:654,137,3,0
BRDA:654,137,4,0
BRDA:655,138,0,0
BRDA:655,138,1,0
BRDA:655,139,0,0
BRDA:655,139,1,0
BRDA:655,140,0,0
BRDA:655,140,1,0
BRDA:655,141,0,0
BRDA:655,141,1,0
BRDA:669,142,0,0
BRDA:669,142,1,0
BRDA:673,143,0,0
BRDA:673,143,1,0
BRDA:677,144,0,0
BRDA:677,144,1,0
BRDA:681,145,0,0
BRDA:681,145,1,0
BRDA:685,146,0,0
BRDA:685,146,1,0
BRDA:689,147,0,0
BRDA:689,147,1,0
BRDA:693,148,0,0
BRDA:693,148,1,0
BRDA:697,149,0,0
BRDA:697,149,1,0
BRDA:701,150,0,0
BRDA:701,150,1,0
BRDA:703,151,0,0
BRDA:704,152,0,0
BRDA:704,152,1,0
BRDA:704,152,2,0
BRDA:704,152,3,0
BRDA:704,152,4,0
BRDA:704,152,5,0
BRDA:704,152,6,0
BRDA:704,152,7,0
BRDA:704,152,8,0
BRDA:718,153,0,0
BRDA:718,154,0,0
BRDA:718,154,1,0
BRDA:722,155,0,0
BRDA:722,156,0,0
BRDA:722,156,1,0
BRDA:726,157,0,0
BRDA:726,158,0,0
BRDA:726,158,1,0
BRDA:730,159,0,0
BRDA:730,160,0,0
BRDA:730,160,1,0
BRDA:734,161,0,0
BRDA:735,162,0,0
BRDA:735,162,1,0
BRDA:736,163,0,0
BRDA:736,163,1,0
BRDA:742,164,0,0
BRDA:743,165,0,0
BRDA:743,165,1,0
BRDA:744,166,0,0
BRDA:744,166,1,0
BRDA:750,167,0,0
BRDA:751,168,0,0
BRDA:751,168,1,0
BRDA:752,169,0,0
BRDA:752,169,1,0
BRDA:758,170,0,0
BRDA:759,171,0,0
BRDA:759,171,1,0
BRDA:760,172,0,0
BRDA:760,172,1,0
BRDA:766,173,0,0
BRDA:770,174,0,0
BRDA:775,175,0,0
BRDA:775,175,1,0
BRDA:778,176,0,0
BRDA:781,177,0,0
BRDA:787,178,0,0
BRDA:787,179,0,0
BRDA:787,179,1,0
BRDA:800,180,0,0
BRDA:800,180,1,0
BRDA:800,181,0,0
BRDA:800,181,1,0
BRDA:801,182,0,0
BRDA:801,182,1,0
BRDA:808,183,0,0
BRDA:810,184,0,0
BRDA:810,184,1,0
BRDA:812,185,0,0
BRDA:812,185,1,0
BRDA:814,186,0,0
BRDA:815,187,0,0
BRDA:815,187,1,0
BRDA:829,188,0,0
BRDA:829,188,1,0
BRDA:834,189,0,0
BRDA:834,189,1,0
BRDA:836,190,0,0
BRDA:836,190,1,0
BRDA:840,191,0,0
BRDA:840,191,1,0
BRDA:842,192,0,0
BRDA:842,192,1,0
BRDA:853,193,0,0
BRDA:853,193,1,0
BRDA:853,194,0,0
BRDA:853,194,1,0
BRDA:860,195,0,0
BRDA:860,196,0,0
BRDA:860,196,1,0
BRDA:861,197,0,0
BRDA:861,197,1,0
BRDA:865,198,0,0
BRDA:884,199,0,0
BRDA:896,200,0,0
BRDA:896,200,1,0
BRDA:896,201,0,0
BRDA:896,201,1,0
BRDA:896,201,2,0
BRF:385
BRH:0
end_of_record
TN:
SF:../mapDefinitions.tsx
FN:155,legacyFreemap
FN:451,(anonymous_1)
FNF:2
FNH:0
FNDA:0,legacyFreemap
FNDA:0,(anonymous_1)
DA:2,0
DA:16,0
DA:17,0
DA:18,0
DA:19,0
DA:20,0
DA:29,0
DA:35,0
DA:41,0
DA:46,0
DA:51,0
DA:57,0
DA:63,0
DA:80,0
DA:82,0
DA:103,0
DA:159,0
DA:170,0
DA:403,0
DA:451,0
LF:20
LH:0
BRDA:163,0,0,0
BRDA:163,0,1,0
BRDA:458,1,0,0
BRDA:458,1,1,0
BRF:4
BRH:0
end_of_record
TN:
SF:../mapUtils.ts
FN:1,isEventOnMap
FNF:1
FNH:0
FNDA:0,isEventOnMap
DA:1,0
DA:2,0
DA:4,0
LF:3
LH:0
BRDA:5,0,0,0
BRDA:5,0,1,0
BRDA:5,0,2,0
BRF:3
BRH:0
end_of_record
TN:
SF:../maplibre-language.ts
FN:3,(anonymous_0)
FN:4,(anonymous_1)
FN:35,(anonymous_2)
FNF:3
FNH:0
FNDA:0,(anonymous_0)
FNDA:0,(anonymous_1)
FNDA:0,(anonymous_2)
DA:1,0
DA:3,0
DA:4,0
DA:5,0
DA:12,0
DA:13,0
DA:14,0
DA:17,0
DA:20,0
DA:25,0
DA:28,0
DA:32,0
DA:33,0
DA:35,0
DA:36,0
LF:15
LH:0
BRDA:13,0,0,0
BRDA:13,1,0,0
BRDA:13,1,1,0
BRDA:20,2,0,0
BRDA:21,3,0,0
BRDA:21,3,1,0
BRDA:21,3,2,0
BRDA:32,4,0,0
BRDA:32,4,1,0
BRF:9
BRH:0
end_of_record
TN:
SF:../navigationUtils.ts
FN:1,navigate
FN:6,(anonymous_1)
FNF:2
FNH:0
FNDA:0,navigate
FNDA:0,(anonymous_1)
DA:1,0
DA:2,0
DA:4,0
DA:6,0
DA:7,0
DA:8,0
DA:10,0
DA:14,0
DA:16,0
DA:19,0
DA:22,0
LF:11
LH:0
BRDA:7,0,0,0
BRDA:7,0,1,0
BRF:2
BRH:0
end_of_record
TN:
SF:../oldFreemapUtils.ts
FN:9,getTrasformedParamsIfIsOldFreemapUrl
FN:32,(anonymous_1)
FN:43,(anonymous_2)
FN:50,getTrasformedParamsIfIsOldEmbeddedFreemapUrl
FN:60,(anonymous_4)
FN:75,getInfoPointDetailsIfIsOldEmbeddedFreemapUrlFormat2
FN:91,rawUrlParamsToHash
FNF:7
FNH:0
FNDA:0,getTrasformedParamsIfIsOldFreemapUrl
FNDA:0,(anonymous_1)
FNDA:0,(anonymous_2)
FNDA:0,getTrasformedParamsIfIsOldEmbeddedFreemapUrl
FNDA:0,(anonymous_4)
FNDA:0,getInfoPointDetailsIfIsOldEmbeddedFreemapUrlFormat2
FNDA:0,rawUrlParamsToHash
DA:2,0
DA:9,0
DA:13,0
DA:16,0
DA:18,0
DA:19,0
DA:22,0
DA:26,0
DA:28,0
DA:30,0
DA:32,0
DA:43,0
DA:50,0
DA:53,0
DA:58,0
DA:60,0
DA:61,0
DA:71,0
DA:75,0
DA:78,0
DA:79,0
DA:81,0
DA:88,0
DA:95,0
DA:97,0
DA:99,0
DA:100,0
DA:102,0
DA:105,0
LF:29
LH:0
BRDA:13,0,0,0
BRDA:13,0,1,0
BRDA:16,1,0,0
BRDA:16,1,1,0
BRDA:18,2,0,0
BRDA:18,3,0,0
BRDA:18,3,1,0
BRDA:22,4,0,0
BRDA:22,4,1,0
BRDA:26,5,0,0
BRDA:30,6,0,0
BRDA:30,6,1,0
BRDA:30,6,2,0
BRDA:32,7,0,0
BRDA:32,7,1,0
BRDA:43,8,0,0
BRDA:43,8,1,0
BRDA:53,9,0,0
BRDA:54,10,0,0
BRDA:54,10,1,0
BRDA:54,10,2,0
BRDA:60,11,0,0
BRDA:78,12,0,0
BRDA:78,13,0,0
BRDA:78,13,1,0
BRF:25
BRH:0
end_of_record
TN:
SF:../osmLoginMessageHandler.ts
FN:4,attachOsmLoginMessageHandler
FN:6,(anonymous_1)
FNF:2
FNH:0
FNDA:0,attachOsmLoginMessageHandler
FNDA:0,(anonymous_1)
DA:1,0
DA:4,0
DA:6,0
DA:7,0
DA:13,0
DA:16,0
DA:18,0
DA:19,0
LF:8
LH:0
BRDA:7,0,0,0
BRDA:8,1,0,0
BRDA:8,1,1,0
BRDA:8,1,2,0
BRDA:8,1,3,0
BRDA:18,2,0,0
BRF:6
BRH:0
end_of_record
TN:
SF:../processors.ts
FNF:0
FNH:0
DA:1,0
DA:2,0
DA:3,0
DA:4,0
DA:5,0
DA:6,0
DA:7,0
DA:8,0
DA:9,0
DA:10,0
DA:11,0
DA:12,0
DA:13,0
DA:14,0
DA:15,0
DA:16,0
DA:17,0
DA:18,0
DA:19,0
DA:20,0
DA:21,0
DA:22,0
DA:23,0
DA:24,0
DA:25,0
DA:26,0
DA:27,0
DA:28,0
DA:29,0
DA:30,0
DA:31,0
DA:32,0
DA:33,0
DA:34,0
DA:35,0
DA:36,0
DA:37,0
DA:38,0
DA:39,0
DA:40,0
DA:41,0
DA:42,0
DA:43,0
DA:44,0
DA:45,0
DA:46,0
DA:47,0
DA:48,0
DA:49,0
DA:50,0
DA:51,0
DA:52,0
DA:53,0
DA:54,0
DA:58,0
DA:59,0
DA:60,0
DA:61,0
DA:62,0
DA:63,0
DA:64,0
DA:65,0
DA:66,0
DA:67,0
DA:68,0
DA:69,0
DA:70,0
DA:71,0
DA:72,0
DA:73,0
DA:74,0
DA:75,0
DA:76,0
DA:78,0
LF:74
LH:0
BRF:0
BRH:0
end_of_record
TN:
SF:../reducers.ts
FN:87,getInitialState
FN:98,(anonymous_1)
FN:102,(anonymous_20)
FN:106,(anonymous_22)
FN:110,(anonymous_33)
FN:114,(anonymous_49)
FN:118,(anonymous_56)
FN:125,(anonymous_91)
FN:132,(anonymous_130)
FNF:9
FNH:0
FNDA:0,getInitialState
FNDA:0,(anonymous_1)
FNDA:0,(anonymous_20)
FNDA:0,(anonymous_22)
FNDA:0,(anonymous_33)
FNDA:0,(anonymous_49)
FNDA:0,(anonymous_56)
FNDA:0,(anonymous_91)
FNDA:0,(anonymous_130)
DA:1,0
DA:2,0
DA:3,0
DA:5,0
DA:7,0
DA:12,0
DA:13,0
DA:14,0
DA:15,0
DA:16,0
DA:17,0
DA:18,0
DA:23,0
DA:28,0
DA:29,0
DA:30,0
DA:31,0
DA:36,0
DA:41,0
DA:42,0
DA:43,0
DA:44,0
DA:49,0
DA:50,0
DA:51,0
DA:53,0
DA:75,0
DA:81,0
DA:87,0
DA:90,0
DA:91,0
DA:93,0
DA:96,0
DA:98,0
DA:99,0
DA:102,0
DA:103,0
DA:106,0
DA:107,0
DA:110,0
DA:111,0
DA:114,0
DA:115,0
DA:118,0
DA:119,0
DA:125,0
DA:126,0
DA:132,0
DA:137,0
DA:143,0
DA:145,0
DA:146,0
DA:149,0
LF:53
LH:0
BRDA:91,0,0,0
BRDA:91,0,1,0
BRDA:91,1,0,0
BRDA:91,1,1,0
BRDA:98,2,0,0
BRDA:102,3,0,0
BRDA:106,4,0,0
BRDA:110,5,0,0
BRDA:114,6,0,0
BRDA:118,7,0,0
BRDA:125,8,0,0
BRDA:132,9,0,0
BRDA:143,10,0,0
BRDA:143,10,1,0
BRDA:143,11,0,0
BRDA:143,11,1,0
BRDA:145,12,0,0
BRDA:145,13,0,0
BRDA:145,13,1,0
BRDA:145,13,2,0
BRF:20
BRH:0
end_of_record
TN:
SF:../storeCreator.ts
FN:25,createReduxStore
FN:44,(anonymous_1)
FN:48,(anonymous_2)
FNF:3
FNH:0
FNDA:0,createReduxStore
FNDA:0,(anonymous_1)
FNDA:0,(anonymous_2)
DA:3,0
DA:4,0
DA:6,0
DA:7,0
DA:8,0
DA:9,0
DA:10,0
DA:11,0
DA:12,0
DA:19,0
DA:21,0
DA:25,0
DA:26,0
DA:28,0
DA:43,0
DA:44,0
DA:45,0
DA:48,0
DA:49,0
DA:51,0
DA:55,0
LF:21
LH:0
BRDA:43,0,0,0
BRDA:43,1,0,0
BRDA:43,1,1,0
BRF:3
BRH:0
end_of_record
TN:
SF:../stringUtils.ts
FN:1,escapeHtml
FN:10,removeAccents
FN:14,objectToURLSearchParams
FNF:3
FNH:0
FNDA:0,escapeHtml
FNDA:0,removeAccents
FNDA:0,objectToURLSearchParams
DA:1,0
DA:2,0
DA:10,0
DA:11,0
DA:14,0
DA:15,0
DA:17,0
DA:18,0
DA:19,0
DA:20,0
DA:21,0
DA:24,0
DA:25,0
DA:29,0
LF:14
LH:0
BRDA:18,0,0,0
BRDA:18,0,1,0
BRDA:20,1,0,0
BRDA:21,2,0,0
BRDA:21,2,1,0
BRDA:24,3,0,0
BRDA:25,4,0,0
BRDA:25,4,1,0
BRF:8
BRH:0
end_of_record
TN:
SF:../subcategories.ts
FNF:0
FNH:0
DA:14,0
LF:1
LH:0
BRF:0
BRH:0
end_of_record
TN:
SF:../toolDefinitions.tsx
FNF:0
FNH:0
DA:2,1
DA:10,1
DA:22,1
LF:3
LH:3
BRF:0
BRH:0
end_of_record
TN:
SF:../transportTypeDefs.tsx
FN:208,isSpecial
FNF:1
FNH:0
FNDA:0,isSpecial
DA:2,0
DA:80,0
DA:208,0
DA:209,0
LF:4
LH:0
BRF:0
BRH:0
end_of_record
TN:
SF:../typeUtils.ts
FN:1,hasProperty
FNF:1
FNH:0
FNDA:0,hasProperty
DA:1,0
DA:5,0
LF:2
LH:0
BRDA:5,0,0,0
BRDA:5,0,1,0
BRDA:5,0,2,0
BRF:3
BRH:0
end_of_record
TN:
SF:../urlMapUtils.ts
FN:10,getMapStateFromUrl
FN:52,(anonymous_1)
FN:56,(anonymous_2)
FN:61,undefineNaN
FN:65,getMapStateDiffFromUrl
FNF:5
FNH:0
FNDA:0,getMapStateFromUrl
FNDA:0,(anonymous_1)
FNDA:0,(anonymous_2)
FNDA:0,undefineNaN
FNDA:0,getMapStateDiffFromUrl
DA:1,0
DA:2,0
DA:7,0
DA:10,0
DA:15,0
DA:17,0
DA:18,0
DA:23,0
DA:25,0
DA:26,0
DA:30,0
DA:34,0
DA:36,0
DA:38,0
DA:40,0
DA:42,0
DA:44,0
DA:46,0
DA:48,0
DA:49,0
DA:52,0
DA:54,0
DA:56,0
DA:58,0
DA:62,0
DA:65,0
DA:69,0
DA:71,0
DA:73,0
DA:74,0
DA:77,0
DA:78,0
DA:80,0
DA:81,0
DA:85,0
DA:86,0
DA:89,0
DA:90,0
DA:93,0
DA:94,0
DA:97,0
LF:41
LH:0
BRDA:17,0,0,0
BRDA:25,1,0,0
BRDA:31,2,0,0
BRDA:31,2,1,0
BRDA:34,3,0,0
BRDA:34,3,1,0
BRDA:34,4,0,0
BRDA:34,4,1,0
BRDA:34,5,0,0
BRDA:34,5,1,0
BRDA:34,6,0,0
BRDA:34,6,1,0
BRDA:42,7,0,0
BRDA:42,7,1,0
BRDA:42,8,0,0
BRDA:42,8,1,0
BRDA:46,9,0,0
BRDA:46,9,1,0
BRDA:48,10,0,0
BRDA:52,11,0,0
BRDA:52,11,1,0
BRDA:54,12,0,0
BRDA:54,12,1,0
BRDA:62,13,0,0
BRDA:62,13,1,0
BRDA:69,14,0,0
BRDA:73,15,0,0
BRDA:73,16,0,0
BRDA:73,16,1,0
BRDA:77,17,0,0
BRDA:77,18,0,0
BRDA:77,18,1,0
BRDA:80,19,0,0
BRDA:85,20,0,0
BRDA:85,21,0,0
BRDA:85,21,1,0
BRDA:89,22,0,0
BRDA:89,23,0,0
BRDA:89,23,1,0
BRDA:93,24,0,0
BRDA:93,25,0,0
BRDA:93,25,1,0
BRF:42
BRH:0
end_of_record
TN:
SF:../actions/authActions.ts
FNF:0
FNH:0
DA:2,0
DA:4,0
DA:6,0
DA:8,0
DA:10,0
DA:12,0
DA:14,0
DA:16,0
DA:18,0
DA:20,0
DA:22,0
LF:11
LH:0
BRF:0
BRH:0
end_of_record
TN:
SF:../actions/changesetsActions.ts
FNF:0
FNH:0
DA:1,0
DA:17,0
DA:19,0
LF:3
LH:0
BRF:0
BRH:0
end_of_record
TN:
SF:../actions/drawingLineActions.ts
FNF:0
FNH:0
DA:1,0
DA:17,0
DA:26,0
DA:30,0
DA:34,0
DA:38,0
DA:43,0
DA:51,0
DA:56,0
DA:61,0
LF:10
LH:0
BRF:0
BRH:0
end_of_record
TN:
SF:../actions/drawingPointActions.ts
FNF:0
FNH:0
DA:1,1
DA:10,1
DA:13,1
DA:17,1
DA:26,1
DA:32,1
LF:6
LH:6
BRF:0
BRH:0
end_of_record
TN:
SF:../actions/elevationChartActions.ts
FNF:0
FNH:0
DA:3,0
DA:5,0
DA:9,0
DA:11,0
DA:15,0
LF:5
LH:0
BRF:0
BRH:0
end_of_record
TN:
SF:../actions/galleryActions.ts
FNF:0
FNH:0
DA:3,0
DA:79,0
DA:81,0
DA:85,0
DA:89,0
DA:93,0
DA:95,0
DA:97,0
DA:99,0
DA:103,0
DA:105,0
DA:107,0
DA:111,0
DA:116,0
DA:120,0
DA:124,0
DA:128,0
DA:130,0
DA:132,0
DA:134,0
DA:137,0
DA:139,0
DA:141,0
DA:145,0
DA:147,0
DA:151,0
DA:153,0
DA:156,0
DA:158,0
DA:160,0
DA:164,0
DA:168,0
LF:32
LH:0
BRF:0
BRH:0
end_of_record
TN:
SF:../actions/index.ts
FNF:0
FNH:0
DA:1,0
DA:2,0
DA:3,0
DA:4,0
DA:5,0
DA:6,0
DA:7,0
DA:8,0
DA:9,0
DA:10,0
DA:11,0
DA:12,0
DA:13,0
DA:14,0
DA:15,0
DA:16,0
DA:17,0
DA:18,0
DA:19,0
DA:20,0
DA:21,0
DA:24,0
LF:22
LH:0
BRF:0
BRH:0
end_of_record
TN:
SF:../actions/l10nActions.ts
FNF:0
FNH:0
DA:1,0
DA:3,0
DA:8,0
LF:3
LH:0
BRF:0
BRH:0
end_of_record
TN:
SF:../actions/mainActions.ts
FNF:0
FNH:0
DA:4,1
DA:9,1
DA:17,1
DA:19,1
DA:21,1
DA:23,1
DA:25,1
DA:27,1
DA:62,1
DA:68,1
DA:70,1
DA:72,1
DA:74,1
DA:78,1
DA:80,1
DA:90,1
DA:99,1
DA:103,1
DA:107,1
DA:109,1
DA:111,1
DA:113,1
DA:148,1
DA:150,1
DA:178,1
DA:190,1
DA:192,1
DA:196,1
LF:28
LH:28
BRF:0
BRH:0
end_of_record
TN:
SF:../actions/mapActions.ts
FNF:0
FNH:0
DA:7,0
DA:42,0
DA:46,0
DA:50,0
LF:4
LH:0
BRF:0
BRH:0
end_of_record
TN:
SF:../actions/mapDetailsActions.ts
FNF:0
FNH:0
DA:1,0
DA:3,0
LF:2
LH:0
BRF:0
BRH:0
end_of_record
TN:
SF:../actions/mapsActions.ts
FNF:0
FNH:0
DA:5,0
DA:55,0
DA:57,0
DA:59,0
DA:61,0
DA:63,0
DA:67,0
DA:69,0
DA:75,0
LF:9
LH:0
BRF:0
BRH:0
end_of_record
TN:
SF:../actions/objectsActions.ts
FNF:0
FNH:0
DA:1,0
DA:13,0
DA:15,0
DA:18,0
LF:4
LH:0
BRF:0
BRH:0
end_of_record
TN:
SF:../actions/osmActions.ts
FNF:0
FNH:0
DA:1,0
DA:9,0
DA:11,0
DA:13,0
DA:15,0
LF:5
LH:0
BRF:0
BRH:0
end_of_record
TN:
SF:../actions/routePlannerActions.ts
FNF:0
FNH:0
DA:4,0
DA:129,0
DA:134,0
DA:139,0
DA:143,0
DA:147,0
DA:151,0
DA:155,0
DA:159,0
DA:163,0
DA:167,0
DA:171,0
DA:175,0
DA:182,0
DA:186,0
DA:190,0
DA:202,0
DA:206,0
DA:210,0
DA:214,0
DA:216,0
DA:220,0
DA:224,0
LF:23
LH:0
BRF:0
BRH:0
end_of_record
TN:
SF:../actions/rpcActions.ts
FNF:0
FNH:0
DA:1,0
DA:23,0
DA:29,0
DA:33,0
LF:4
LH:0
BRF:0
BRH:0
end_of_record
TN:
SF:../actions/searchActions.ts
FNF:0
FNH:0
DA:8,0
DA:22,0
DA:27,0
DA:30,0
LF:4
LH:0
BRF:0
BRH:0
end_of_record
TN:
SF:../actions/toastsActions.ts
FN:37,(anonymous_0)
FNF:1
FNH:0
FNDA:0,(anonymous_0)
DA:2,1
DA:37,1
DA:38,0
DA:44,1
DA:46,1
DA:48,1
LF:6
LH:5
BRF:0
BRH:0
end_of_record
TN:
SF:../actions/trackViewerActions.ts
FNF:0
FNH:0
DA:3,0
DA:13,0
DA:19,0
DA:23,0
DA:27,0
DA:31,0
DA:35,0
DA:39,0
LF:8
LH:0
BRF:0
BRH:0
end_of_record
TN:
SF:../actions/trackingActions.ts
FNF:0
FNH:0
DA:8,0
DA:10,0
LF:2
LH:0
BRF:0
BRH:0
end_of_record
TN:
SF:../actions/websocketActions.ts
FNF:0
FNH:0
DA:1,0
DA:3,0
DA:5,0
DA:7,0
DA:12,0
DA:18,0
DA:20,0
LF:7
LH:0
BRF:0
BRH:0
end_of_record
TN:
SF:../actions/wikiActions.ts
FNF:0
FNH:0
DA:1,0
DA:19,0
DA:21,0
DA:25,0
LF:4
LH:0
BRF:0
BRH:0
end_of_record
TN:
SF:../components/AboutModal.tsx
FN:12,AboutModal
FN:17,close
FN:21,(anonymous_2)
FNF:3
FNH:0
FNDA:0,AboutModal
FNDA:0,close
FNDA:0,(anonymous_2)
DA:1,0
DA:2,0
DA:3,0
DA:5,0
DA:6,0
DA:7,0
DA:8,0
DA:12,0
DA:13,0
DA:15,0
DA:18,0
DA:21,0
DA:23,0
DA:111,0
LF:14
LH:0
BRDA:27,0,0,0
BRDA:27,0,1,0
BRDA:27,1,0,0
BRDA:27,1,1,0
BRDA:32,2,0,0
BRDA:32,2,1,0
BRDA:32,3,0,0
BRDA:32,3,1,0
BRDA:41,4,0,0
BRDA:41,4,1,0
BRDA:41,5,0,0
BRDA:41,5,1,0
BRDA:55,6,0,0
BRDA:55,6,1,0
BRDA:55,7,0,0
BRDA:55,7,1,0
BRDA:64,8,0,0
BRDA:64,8,1,0
BRDA:64,9,0,0
BRDA:64,9,1,0
BRDA:67,10,0,0
BRDA:67,10,1,0
BRDA:67,11,0,0
BRDA:67,11,1,0
BRDA:71,12,0,0
BRDA:71,12,1,0
BRDA:71,13,0,0
BRDA:71,13,1,0
BRDA:74,14,0,0
BRDA:74,14,1,0
BRDA:74,15,0,0
BRDA:74,15,1,0
BRDA:80,16,0,0
BRDA:80,16,1,0
BRDA:80,17,0,0
BRDA:80,17,1,0
BRDA:86,18,0,0
BRDA:86,18,1,0
BRDA:86,19,0,0
BRDA:86,19,1,0
BRDA:97,20,0,0
BRDA:97,20,1,0
BRDA:97,20,2,0
BRDA:104,21,0,0
BRDA:104,21,1,0
BRDA:104,22,0,0
BRDA:104,22,1,0
BRF:47
BRH:0
end_of_record
TN:
SF:../components/AccountModal.tsx
FN:23,AccountModal
FN:24,(anonymous_1)
FN:44,(anonymous_2)
FN:48,(anonymous_3)
FN:78,(anonymous_4)
FN:104,(anonymous_5)
FN:118,(anonymous_6)
FN:128,(anonymous_7)
FN:144,(anonymous_8)
FNF:9
FNH:0
FNDA:0,AccountModal
FNDA:0,(anonymous_1)
FNDA:0,(anonymous_2)
FNDA:0,(anonymous_3)
FNDA:0,(anonymous_4)
FNDA:0,(anonymous_5)
FNDA:0,(anonymous_6)
FNDA:0,(anonymous_7)
FNDA:0,(anonymous_8)
DA:1,0
DA:2,0
DA:3,0
DA:4,0
DA:5,0
DA:6,0
DA:7,0
DA:8,0
DA:9,0
DA:10,0
DA:17,0
DA:21,0
DA:23,0
DA:24,0
DA:26,0
DA:28,0
DA:30,0
DA:32,0
DA:36,0
DA:39,0
DA:44,0
DA:45,0
DA:48,0
DA:49,0
DA:51,0
DA:71,0
DA:72,0
DA:75,0
DA:79,0
DA:81,0
DA:105,0
DA:119,0
DA:129,0
DA:145,0
DA:147,0
LF:35
LH:0
BRDA:28,0,0,0
BRDA:28,0,1,0
BRDA:28,1,0,0
BRDA:28,1,1,0
BRDA:28,2,0,0
BRDA:28,2,1,0
BRDA:28,3,0,0
BRDA:28,3,1,0
BRDA:30,4,0,0
BRDA:30,4,1,0
BRDA:30,5,0,0
BRDA:30,5,1,0
BRDA:30,6,0,0
BRDA:30,6,1,0
BRDA:30,7,0,0
BRDA:30,7,1,0
BRDA:33,8,0,0
BRDA:33,8,1,0
BRDA:33,9,0,0
BRDA:33,9,1,0
BRDA:33,10,0,0
BRDA:33,10,1,0
BRDA:33,11,0,0
BRDA:33,11,1,0
BRDA:39,12,0,0
BRDA:39,12,1,0
BRDA:39,12,2,0
BRDA:39,12,3,0
BRDA:40,13,0,0
BRDA:40,13,1,0
BRDA:40,14,0,0
BRDA:40,14,1,0
BRDA:41,15,0,0
BRDA:41,15,1,0
BRDA:41,16,0,0
BRDA:41,16,1,0
BRDA:42,17,0,0
BRDA:42,17,1,0
BRDA:42,18,0,0
BRDA:42,18,1,0
BRDA:71,19,0,0
BRDA:85,20,0,0
BRDA:85,20,1,0
BRDA:94,21,0,0
BRDA:94,21,1,0
BRDA:94,22,0,0
BRDA:94,22,1,0
BRDA:100,23,0,0
BRDA:100,23,1,0
BRDA:100,24,0,0
BRDA:100,24,1,0
BRDA:113,25,0,0
BRDA:113,25,1,0
BRDA:113,26,0,0
BRDA:113,26,1,0
BRDA:132,27,0,0
BRDA:132,27,1,0
BRDA:132,28,0,0
BRDA:132,28,1,0
BRDA:138,29,0,0
BRDA:138,29,1,0
BRDA:138,30,0,0
BRDA:138,30,1,0
BRDA:150,31,0,0
BRDA:150,31,1,0
BRDA:150,32,0,0
BRDA:150,32,1,0
BRDA:154,33,0,0
BRDA:154,33,1,0
BRDA:154,34,0,0
BRDA:154,34,1,0
BRDA:158,35,0,0
BRDA:158,35,1,0
BRDA:158,36,0,0
BRDA:158,36,1,0
BRF:75
BRH:0
end_of_record
TN:
SF:../components/Ad.tsx
FN:29,Ad
FN:38,(anonymous_1)
FN:59,(anonymous_2)
FN:76,(anonymous_3)
FN:82,(anonymous_4)
FN:88,(anonymous_5)
FN:89,(anonymous_6)
FN:92,(anonymous_7)
FN:95,(anonymous_8)
FN:104,(anonymous_9)
FN:108,(anonymous_10)
FN:111,(anonymous_11)
FN:112,(anonymous_12)
FN:115,(anonymous_13)
FN:140,(anonymous_14)
FN:152,(anonymous_15)
FNF:16
FNH:0
FNDA:0,Ad
FNDA:0,(anonymous_1)
FNDA:0,(anonymous_2)
FNDA:0,(anonymous_3)
FNDA:0,(anonymous_4)
FNDA:0,(anonymous_5)
FNDA:0,(anonymous_6)
FNDA:0,(anonymous_7)
FNDA:0,(anonymous_8)
FNDA:0,(anonymous_9)
FNDA:0,(anonymous_10)
FNDA:0,(anonymous_11)
FNDA:0,(anonymous_12)
FNDA:0,(anonymous_13)
FNDA:0,(anonymous_14)
FNDA:0,(anonymous_15)
DA:1,0
DA:2,0
DA:3,0
DA:4,0
DA:5,0
DA:6,0
DA:7,0
DA:9,0
DA:27,0
DA:29,0
DA:30,0
DA:32,0
DA:34,0
DA:36,0
DA:38,0
DA:39,0
DA:41,0
DA:43,0
DA:44,0
DA:47,0
DA:49,0
DA:51,0
DA:52,0
DA:53,0
DA:57,0
DA:59,0
DA:60,0
DA:62,0
DA:64,0
DA:66,0
DA:68,0
DA:70,0
DA:73,0
DA:75,0
DA:76,0
DA:77,0
DA:80,0
DA:82,0
DA:83,0
DA:88,0
DA:89,0
DA:90,0
DA:92,0
DA:95,0
DA:96,0
DA:100,0
DA:102,0
DA:104,0
DA:106,0
DA:108,0
DA:109,0
DA:111,0
DA:112,0
DA:115,0
DA:116,0
DA:120,0
DA:140,0
DA:153,0
DA:154,0
DA:156,0
DA:158,0
LF:61
LH:0
BRDA:43,0,0,0
BRDA:52,1,0,0
BRDA:70,2,0,0
BRDA:70,2,1,0
BRDA:70,3,0,0
BRDA:70,3,1,0
BRDA:70,4,0,0
BRDA:70,4,1,0
BRDA:70,5,0,0
BRDA:70,5,1,0
BRDA:75,6,0,0
BRDA:124,7,0,0
BRDA:124,7,1,0
BRDA:124,8,0,0
BRDA:124,8,1,0
BRDA:134,9,0,0
BRDA:134,9,1,0
BRDA:143,10,0,0
BRDA:143,10,1,0
BRDA:143,11,0,0
BRDA:143,11,1,0
BRDA:143,12,0,0
BRDA:143,12,1,0
BRDA:153,13,0,0
BRDA:153,13,1,0
BRDA:162,14,0,0
BRDA:162,14,1,0
BRDA:162,15,0,0
BRDA:162,15,1,0
BRF:29
BRH:0
end_of_record
TN:
SF:../components/AsyncComponent.tsx
FN:11,AsyncComponent
FNF:1
FNH:0
FNDA:0,AsyncComponent
DA:1,0
DA:11,0
DA:14,0
DA:16,0
LF:4
LH:0
BRDA:16,0,0,0
BRDA:16,0,1,0
BRF:2
BRH:0
end_of_record
TN:
SF:../components/AsyncLoadingIndicator.tsx
FN:3,AsyncLoadingIndicator
FNF:1
FNH:0
FNDA:0,AsyncLoadingIndicator
DA:3,0
DA:4,0
LF:2
LH:0
BRF:0
BRH:0
end_of_record
TN:
SF:../components/AsyncModal.tsx
FN:10,AsyncModal
FN:15,(anonymous_1)
FNF:2
FNH:0
FNDA:0,AsyncModal
FNDA:0,(anonymous_1)
DA:1,0
DA:2,0
DA:3,0
DA:10,0
DA:14,0
DA:15,0
DA:19,0
LF:7
LH:0
BRDA:19,0,0,0
BRDA:19,0,1,0
BRDA:19,1,0,0
BRDA:19,1,1,0
BRF:4
BRH:0
end_of_record
TN:
SF:../components/Attribution.tsx
FN:8,Attribution
FN:9,(anonymous_1)
FN:11,(anonymous_2)
FN:17,(anonymous_3)
FN:18,(anonymous_4)
FN:21,(anonymous_5)
FN:28,(anonymous_6)
FN:31,(anonymous_7)
FN:64,categorize
FN:85,(anonymous_9)
FNF:10
FNH:0
FNDA:0,Attribution
FNDA:0,(anonymous_1)
FNDA:0,(anonymous_2)
FNDA:0,(anonymous_3)
FNDA:0,(anonymous_4)
FNDA:0,(anonymous_5)
FNDA:0,(anonymous_6)
FNDA:0,(anonymous_7)
FNDA:0,categorize
FNDA:0,(anonymous_9)
DA:1,0
DA:2,0
DA:3,0
DA:4,0
DA:8,0
DA:9,0
DA:11,0
DA:13,0
DA:15,0
DA:17,0
DA:19,0
DA:21,0
DA:24,0
DA:29,0
DA:31,0
DA:67,0
DA:69,0
DA:70,0
DA:72,0
DA:73,0
DA:75,0
DA:78,0
DA:79,0
DA:83,0
DA:85,0
LF:25
LH:0
BRDA:24,0,0,0
BRDA:24,0,1,0
BRDA:30,1,0,0
BRDA:30,1,1,0
BRDA:30,2,0,0
BRDA:30,2,1,0
BRDA:32,3,0,0
BRDA:32,3,1,0
BRDA:33,4,0,0
BRDA:33,4,1,0
BRDA:40,5,0,0
BRDA:40,5,1,0
BRDA:40,5,2,0
BRDA:40,6,0,0
BRDA:40,6,1,0
BRDA:40,7,0,0
BRDA:40,7,1,0
BRDA:44,8,0,0
BRDA:44,8,1,0
BRDA:44,8,2,0
BRDA:44,9,0,0
BRDA:44,9,1,0
BRDA:44,10,0,0
BRDA:44,10,1,0
BRDA:72,11,0,0
BRDA:78,12,0,0
BRF:26
BRH:0
end_of_record
TN:
SF:../components/ChangesetDetails.tsx
FN:11,ChangesetDetails
FN:32,(anonymous_1)
FNF:2
FNH:0
FNDA:0,ChangesetDetails
FNDA:0,(anonymous_1)
DA:1,0
DA:2,0
DA:3,0
DA:5,0
DA:9,0
DA:11,0
DA:12,0
DA:14,0
DA:16,0
DA:23,0
DA:33,0
LF:11
LH:0
BRDA:26,0,0,0
BRDA:26,0,1,0
BRDA:26,1,0,0
BRDA:26,1,1,0
BRDA:39,2,0,0
BRDA:39,2,1,0
BRDA:39,3,0,0
BRDA:39,3,1,0
BRDA:41,4,0,0
BRDA:41,4,1,0
BRDA:42,5,0,0
BRDA:42,5,1,0
BRDA:42,6,0,0
BRDA:42,6,1,0
BRDA:45,7,0,0
BRDA:45,7,1,0
BRDA:45,8,0,0
BRDA:45,8,1,0
BRDA:48,9,0,0
BRDA:48,9,1,0
BRDA:48,10,0,0
BRDA:48,10,1,0
BRF:22
BRH:0
end_of_record
TN:
SF:../components/ChangesetsMenu.tsx
FN:15,ChangesetsMenu
FN:19,(anonymous_1)
FN:22,(anonymous_2)
FN:30,(anonymous_3)
FN:39,(anonymous_4)
FN:50,(anonymous_5)
FN:60,(anonymous_6)
FN:63,(anonymous_7)
FN:71,(anonymous_8)
FNF:9
FNH:0
FNDA:0,ChangesetsMenu
FNDA:0,(anonymous_1)
FNDA:0,(anonymous_2)
FNDA:0,(anonymous_3)
FNDA:0,(anonymous_4)
FNDA:0,(anonymous_5)
FNDA:0,(anonymous_6)
FNDA:0,(anonymous_7)
FNDA:0,(anonymous_8)
DA:1,0
DA:2,0
DA:3,0
DA:4,0
DA:5,0
DA:6,0
DA:7,0
DA:8,0
DA:9,0
DA:10,0
DA:11,0
DA:13,0
DA:15,0
DA:16,0
DA:18,0
DA:19,0
DA:22,0
DA:24,0
DA:26,0
DA:31,0
DA:40,0
DA:51,0
DA:53,0
DA:61,0
DA:63,0
DA:72,0
DA:74,0
LF:27
LH:0
BRDA:22,0,0,0
BRDA:22,0,1,0
BRDA:35,1,0,0
BRDA:35,1,1,0
BRDA:35,2,0,0
BRDA:35,2,1,0
BRDA:35,3,0,0
BRDA:35,3,1,0
BRDA:35,4,0,0
BRDA:35,4,1,0
BRDA:41,5,0,0
BRDA:41,5,1,0
BRDA:41,6,0,0
BRDA:41,6,1,0
BRDA:59,7,0,0
BRDA:59,7,1,0
BRDA:59,8,0,0
BRDA:59,8,1,0
BRDA:61,9,0,0
BRDA:61,9,1,0
BRDA:64,10,0,0
BRDA:64,10,1,0
BRDA:64,11,0,0
BRDA:64,11,1,0
BRF:24
BRH:0
end_of_record
TN:
SF:../components/ChangesetsResult.tsx
FN:16,ChangesetsResult
FN:17,(anonymous_1)
FN:19,(anonymous_2)
FN:22,(anonymous_3)
FN:43,showChangesetDetail
FN:59,(anonymous_5)
FN:69,(anonymous_6)
FNF:7
FNH:0
FNDA:0,ChangesetsResult
FNDA:0,(anonymous_1)
FNDA:0,(anonymous_2)
FNDA:0,(anonymous_3)
FNDA:0,showChangesetDetail
FNDA:0,(anonymous_5)
FNDA:0,(anonymous_6)
DA:1,0
DA:2,0
DA:3,0
DA:4,0
DA:5,0
DA:6,0
DA:7,0
DA:8,0
DA:9,0
DA:10,0
DA:11,0
DA:12,0
DA:14,0
DA:16,0
DA:17,0
DA:19,0
DA:21,0
DA:23,0
DA:24,0
DA:28,0
DA:30,0
DA:32,0
DA:34,0
DA:39,0
DA:41,0
DA:44,0
DA:57,0
DA:60,0
DA:62,0
DA:70,0
LF:30
LH:0
BRDA:23,0,0,0
BRF:1
BRH:0
end_of_record
TN:
SF:../components/Checkbox.tsx
FN:7,Checkbox
FNF:1
FNH:1
FNDA:2,Checkbox
DA:1,1
DA:7,1
DA:8,2
LF:3
LH:3
BRDA:8,0,0,1
BRDA:8,0,1,1
BRF:2
BRH:2
end_of_record
TN:
SF:../components/CookieConsent.tsx
FN:9,CookieConsent
FN:17,(anonymous_1)
FN:37,(anonymous_2)
FNF:3
FNH:0
FNDA:0,CookieConsent
FNDA:0,(anonymous_1)
FNDA:0,(anonymous_2)
DA:1,0
DA:2,0
DA:4,0
DA:5,0
DA:9,0
DA:14,0
DA:16,0
DA:17,0
DA:20,0
DA:38,0
LF:10
LH:0
BRF:0
BRH:0
end_of_record
TN:
SF:../components/CopyrightButton.tsx
FN:14,CopyrightButton
FN:19,(anonymous_1)
FN:36,(anonymous_2)
FN:47,(anonymous_3)
FN:55,(anonymous_4)
FN:70,(anonymous_5)
FN:85,(anonymous_6)
FNF:7
FNH:1
FNDA:9,CopyrightButton
FNDA:0,(anonymous_1)
FNDA:0,(anonymous_2)
FNDA:0,(anonymous_3)
FNDA:0,(anonymous_4)
FNDA:0,(anonymous_5)
FNDA:0,(anonymous_6)
DA:1,1
DA:2,1
DA:3,1
DA:4,1
DA:5,1
DA:6,1
DA:7,1
DA:8,1
DA:9,1
DA:10,1
DA:11,1
DA:12,1
DA:14,1
DA:15,9
DA:17,9
DA:19,8
DA:20,0
DA:26,8
DA:28,8
DA:30,8
DA:32,8
DA:36,0
DA:47,0
DA:56,0
DA:58,0
DA:60,0
DA:71,0
DA:73,0
DA:75,0
DA:86,0
DA:88,0
DA:90,0
LF:32
LH:20
BRDA:20,0,0,0
BRDA:20,0,1,0
BRDA:37,1,0,0
BRDA:37,1,1,8
BRDA:37,2,0,8
BRDA:37,2,1,8
BRDA:63,3,0,0
BRDA:63,3,1,0
BRDA:63,4,0,0
BRDA:63,4,1,0
BRDA:66,5,0,0
BRDA:66,5,1,0
BRDA:78,6,0,0
BRDA:78,6,1,0
BRDA:78,7,0,0
BRDA:78,7,1,0
BRF:16
BRH:3
end_of_record
TN:
SF:../components/CurrentDrawingPropertiesModal.tsx
FN:20,CurrentDrawingPropertiesModal
FN:23,(anonymous_1)
FN:25,(anonymous_2)
FN:32,(anonymous_3)
FN:39,(anonymous_4)
FN:47,save
FN:59,(anonymous_6)
FN:65,(anonymous_7)
FN:69,(anonymous_8)
FN:90,(anonymous_9)
FNF:10
FNH:0
FNDA:0,CurrentDrawingPropertiesModal
FNDA:0,(anonymous_1)
FNDA:0,(anonymous_2)
FNDA:0,(anonymous_3)
FNDA:0,(anonymous_4)
FNDA:0,save
FNDA:0,(anonymous_6)
FNDA:0,(anonymous_7)
FNDA:0,(anonymous_8)
FNDA:0,(anonymous_9)
DA:1,0
DA:2,0
DA:3,0
DA:4,0
DA:11,0
DA:12,0
DA:13,0
DA:14,0
DA:18,0
DA:20,0
DA:21,0
DA:23,0
DA:25,0
DA:27,0
DA:29,0
DA:31,0
DA:33,0
DA:38,0
DA:40,0
DA:45,0
DA:48,0
DA:56,0
DA:59,0
DA:60,0
DA:62,0
DA:65,0
DA:66,0
DA:69,0
DA:70,0
DA:73,0
DA:90,0
LF:31
LH:0
BRDA:47,0,0,0
BRDA:51,1,0,0
BRDA:51,1,1,0
BRDA:77,2,0,0
BRDA:77,2,1,0
BRDA:77,3,0,0
BRDA:77,3,1,0
BRDA:82,4,0,0
BRDA:82,4,1,0
BRDA:82,5,0,0
BRDA:82,5,1,0
BRDA:94,6,0,0
BRDA:94,6,1,0
BRDA:94,7,0,0
BRDA:94,7,1,0
BRDA:109,8,0,0
BRDA:109,8,1,0
BRDA:109,9,0,0
BRDA:109,9,1,0
BRDA:117,10,0,0
BRDA:117,10,1,0
BRDA:117,11,0,0
BRDA:117,11,1,0
BRDA:121,12,0,0
BRDA:121,12,1,0
BRDA:121,13,0,0
BRDA:121,13,1,0
BRF:27
BRH:0
end_of_record
TN:
SF:../components/DateTime.tsx
FN:6,checkDatetimeLocalInput
FN:30,DateTime
FN:38,(anonymous_2)
FN:45,(anonymous_3)
FN:52,(anonymous_4)
FN:59,(anonymous_5)
FNF:6
FNH:0
FNDA:0,checkDatetimeLocalInput
FNDA:0,DateTime
FNDA:0,(anonymous_2)
FNDA:0,(anonymous_3)
FNDA:0,(anonymous_4)
FNDA:0,(anonymous_5)
DA:1,0
DA:2,0
DA:3,0
DA:4,0
DA:7,0
DA:9,0
DA:11,0
DA:13,0
DA:15,0
DA:18,0
DA:30,0
DA:35,0
DA:37,0
DA:39,0
DA:44,0
DA:46,0
DA:51,0
DA:53,0
DA:58,0
DA:60,0
DA:65,0
LF:21
LH:0
BRDA:35,0,0,0
BRDA:35,0,1,0
BRDA:35,1,0,0
BRDA:35,1,1,0
BRDA:35,2,0,0
BRDA:35,2,1,0
BRDA:39,3,0,0
BRDA:39,3,1,0
BRDA:39,4,0,0
BRDA:39,4,1,0
BRDA:65,5,0,0
BRDA:65,5,1,0
BRDA:68,6,0,0
BRDA:68,6,1,0
BRDA:68,7,0,0
BRDA:68,7,1,0
BRDA:82,8,0,0
BRDA:82,8,1,0
BRDA:82,9,0,0
BRDA:82,9,1,0
BRDA:82,10,0,0
BRDA:82,10,1,0
BRDA:82,11,0,0
BRDA:82,11,1,0
BRDA:97,12,0,0
BRDA:97,12,1,0
BRDA:97,13,0,0
BRDA:97,13,1,0
BRDA:97,14,0,0
BRDA:97,14,1,0
BRDA:97,15,0,0
BRDA:97,15,1,0
BRF:32
BRH:0
end_of_record
TN:
SF:../components/DeleteButton.tsx
FN:8,DeleteButton
FN:18,(anonymous_1)
FNF:2
FNH:0
FNDA:0,DeleteButton
FNDA:0,(anonymous_1)
DA:1,0
DA:2,0
DA:4,0
DA:5,0
DA:6,0
DA:8,0
DA:9,0
DA:11,0
DA:13,0
DA:19,0
LF:10
LH:0
BRDA:17,0,0,0
BRDA:17,0,1,0
BRDA:17,1,0,0
BRDA:17,1,1,0
BRDA:25,2,0,0
BRDA:25,2,1,0
BRDA:25,3,0,0
BRDA:25,3,1,0
BRF:8
BRH:0
end_of_record
TN:
SF:../components/DocumentModal.tsx
FN:16,DocumentModal
FN:21,(anonymous_1)
FN:23,(anonymous_2)
FN:29,(anonymous_3)
FN:32,(anonymous_4)
FN:33,(anonymous_5)
FN:33,(anonymous_6)
FN:34,(anonymous_7)
FN:37,(anonymous_8)
FN:40,(anonymous_9)
FN:46,(anonymous_10)
FN:46,(anonymous_11)
FN:50,close
FN:59,(anonymous_13)
FN:66,(anonymous_14)
FNF:15
FNH:0
FNDA:0,DocumentModal
FNDA:0,(anonymous_1)
FNDA:0,(anonymous_2)
FNDA:0,(anonymous_3)
FNDA:0,(anonymous_4)
FNDA:0,(anonymous_5)
FNDA:0,(anonymous_6)
FNDA:0,(anonymous_7)
FNDA:0,(anonymous_8)
FNDA:0,(anonymous_9)
FNDA:0,(anonymous_10)
FNDA:0,(anonymous_11)
FNDA:0,close
FNDA:0,(anonymous_13)
FNDA:0,(anonymous_14)
DA:1,0
DA:2,0
DA:3,0
DA:4,0
DA:5,0
DA:6,0
DA:7,0
DA:8,0
DA:9,0
DA:10,0
DA:14,0
DA:16,0
DA:17,0
DA:19,0
DA:21,0
DA:23,0
DA:25,0
DA:27,0
DA:29,0
DA:30,0
DA:32,0
DA:33,0
DA:35,0
DA:38,0
DA:41,0
DA:45,0
DA:46,0
DA:51,0
DA:54,0
DA:56,0
DA:59,0
DA:60,0
DA:61,0
DA:64,0
DA:66,0
DA:67,0
DA:76,0
DA:78,0
DA:94,0
DA:95,0
DA:98,0
DA:100,0
LF:42
LH:0
BRDA:38,0,0,0
BRDA:38,0,1,0
BRDA:38,1,0,0
BRDA:38,1,1,0
BRDA:38,2,0,0
BRDA:38,2,1,0
BRDA:38,3,0,0
BRDA:38,3,1,0
BRDA:56,4,0,0
BRDA:56,4,1,0
BRDA:56,4,2,0
BRDA:60,5,0,0
BRDA:62,6,0,0
BRDA:62,6,1,0
BRDA:62,7,0,0
BRDA:62,7,1,0
BRDA:62,8,0,0
BRDA:62,8,1,0
BRDA:62,9,0,0
BRDA:62,9,1,0
BRDA:94,10,0,0
BRDA:104,11,0,0
BRDA:104,11,1,0
BRDA:107,12,0,0
BRDA:107,12,1,0
BRDA:107,13,0,0
BRDA:107,13,1,0
BRDA:111,14,0,0
BRDA:111,14,1,0
BRDA:111,15,0,0
BRDA:111,15,1,0
BRDA:116,16,0,0
BRDA:116,16,1,0
BRDA:116,17,0,0
BRDA:116,17,1,0
BRDA:122,18,0,0
BRDA:122,18,1,0
BRDA:126,19,0,0
BRDA:126,19,1,0
BRDA:130,20,0,0
BRDA:130,20,1,0
BRDA:130,21,0,0
BRDA:130,21,1,0
BRDA:136,22,0,0
BRDA:136,22,1,0
BRDA:136,23,0,0
BRDA:136,23,1,0
BRF:47
BRH:0
end_of_record
TN:
SF:../components/DrawingLinePointSelection.tsx
FN:20,DrawingLinePointSelection
FN:25,(anonymous_1)
FN:27,(anonymous_2)
FN:34,(anonymous_3)
FN:47,(anonymous_4)
FN:82,(anonymous_5)
FN:93,(anonymous_6)
FN:104,(anonymous_7)
FNF:8
FNH:0
FNDA:0,DrawingLinePointSelection
FNDA:0,(anonymous_1)
FNDA:0,(anonymous_2)
FNDA:0,(anonymous_3)
FNDA:0,(anonymous_4)
FNDA:0,(anonymous_5)
FNDA:0,(anonymous_6)
FNDA:0,(anonymous_7)
DA:1,0
DA:6,0
DA:7,0
DA:9,0
DA:10,0
DA:11,0
DA:12,0
DA:13,0
DA:14,0
DA:15,0
DA:16,0
DA:18,0
DA:20,0
DA:21,0
DA:23,0
DA:25,0
DA:27,0
DA:28,0
DA:33,0
DA:34,0
DA:37,0
DA:42,0
DA:48,0
DA:59,0
DA:65,0
DA:68,0
DA:82,0
DA:93,0
DA:104,0
LF:29
LH:0
BRDA:28,0,0,0
BRDA:28,0,1,0
BRDA:28,1,0,0
BRDA:28,1,1,0
BRDA:28,2,0,0
BRDA:28,2,1,0
BRDA:37,3,0,0
BRDA:38,4,0,0
BRDA:38,4,1,0
BRDA:38,4,2,0
BRDA:39,5,0,0
BRDA:39,5,1,0
BRDA:39,6,0,0
BRDA:39,6,1,0
BRDA:44,7,0,0
BRDA:44,7,1,0
BRDA:44,8,0,0
BRDA:44,8,1,0
BRDA:52,9,0,0
BRDA:52,9,1,0
BRDA:52,10,0,0
BRDA:52,10,1,0
BRDA:65,11,0,0
BRDA:65,11,1,0
BRDA:70,12,0,0
BRDA:70,12,1,0
BRDA:72,13,0,0
BRDA:72,13,1,0
BRDA:73,14,0,0
BRDA:73,14,1,0
BRDA:73,15,0,0
BRDA:73,15,1,0
BRDA:74,16,0,0
BRDA:74,16,1,0
BRDA:74,17,0,0
BRDA:74,17,1,0
BRDA:76,18,0,0
BRDA:76,18,1,0
BRDA:78,19,0,0
BRDA:78,19,1,0
BRDA:78,19,2,0
BRDA:85,20,0,0
BRDA:85,20,1,0
BRDA:85,21,0,0
BRDA:85,21,1,0
BRDA:89,22,0,0
BRDA:89,22,1,0
BRDA:89,22,2,0
BRDA:96,23,0,0
BRDA:96,23,1,0
BRDA:96,24,0,0
BRDA:96,24,1,0
BRDA:100,25,0,0
BRDA:100,25,1,0
BRDA:100,25,2,0
BRDA:107,26,0,0
BRDA:107,26,1,0
BRDA:107,27,0,0
BRDA:107,27,1,0
BRF:59
BRH:0
end_of_record
TN:
SF:../components/DrawingLineResult.tsx
FN:50,DrawingLineResult
FN:55,(anonymous_1)
FN:57,(anonymous_2)
FN:60,(anonymous_3)
FN:65,(anonymous_4)
FN:76,(anonymous_5)
FN:90,(anonymous_6)
FN:98,(anonymous_7)
FN:108,(anonymous_8)
FN:114,(anonymous_9)
FN:118,(anonymous_10)
FN:122,(anonymous_11)
FN:130,(anonymous_12)
FN:138,addPoint
FN:171,(anonymous_14)
FN:179,handleSelect
FN:190,(anonymous_16)
FN:223,(anonymous_17)
FN:252,(anonymous_18)
FN:253,(anonymous_19)
FN:263,(anonymous_20)
FN:264,(anonymous_21)
FN:241,(anonymous_22)
FN:288,(anonymous_23)
FN:289,(anonymous_24)
FN:315,(anonymous_25)
FN:344,(anonymous_26)
FN:356,(anonymous_27)
FN:394,(anonymous_28)
FN:402,(anonymous_29)
FN:421,handleDragStart
FN:426,handleDragEnd
FN:427,(anonymous_32)
FNF:33
FNH:0
FNDA:0,DrawingLineResult
FNDA:0,(anonymous_1)
FNDA:0,(anonymous_2)
FNDA:0,(anonymous_3)
FNDA:0,(anonymous_4)
FNDA:0,(anonymous_5)
FNDA:0,(anonymous_6)
FNDA:0,(anonymous_7)
FNDA:0,(anonymous_8)
FNDA:0,(anonymous_9)
FNDA:0,(anonymous_10)
FNDA:0,(anonymous_11)
FNDA:0,(anonymous_12)
FNDA:0,addPoint
FNDA:0,(anonymous_14)
FNDA:0,handleSelect
FNDA:0,(anonymous_16)
FNDA:0,(anonymous_17)
FNDA:0,(anonymous_18)
FNDA:0,(anonymous_19)
FNDA:0,(anonymous_20)
FNDA:0,(anonymous_21)
FNDA:0,(anonymous_22)
FNDA:0,(anonymous_23)
FNDA:0,(anonymous_24)
FNDA:0,(anonymous_25)
FNDA:0,(anonymous_26)
FNDA:0,(anonymous_27)
FNDA:0,(anonymous_28)
FNDA:0,(anonymous_29)
FNDA:0,handleDragStart
FNDA:0,handleDragEnd
FNDA:0,(anonymous_32)
DA:1,0
DA:2,0
DA:8,0
DA:9,0
DA:10,0
DA:11,0
DA:12,0
DA:13,0
DA:14,0
DA:15,0
DA:20,0
DA:21,0
DA:22,0
DA:30,0
DA:32,0
DA:39,0
DA:50,0
DA:51,0
DA:53,0
DA:55,0
DA:57,0
DA:59,0
DA:61,0
DA:65,0
DA:66,0
DA:72,0
DA:74,0
DA:76,0
DA:78,0
DA:80,0
DA:82,0
DA:84,0
DA:86,0
DA:88,0
DA:90,0
DA:91,0
DA:92,0
DA:96,0
DA:98,0
DA:99,0
DA:100,0
DA:108,0
DA:109,0
DA:110,0
DA:114,0
DA:115,0
DA:117,0
DA:118,0
DA:119,0
DA:122,0
DA:123,0
DA:126,0
DA:128,0
DA:130,0
DA:131,0
DA:133,0
DA:139,0
DA:141,0
DA:145,0
DA:146,0
DA:147,0
DA:148,0
DA:149,0
DA:150,0
DA:152,0
DA:155,0
DA:163,0
DA:166,0
DA:168,0
DA:170,0
DA:172,0
DA:180,0
DA:187,0
DA:190,0
DA:191,0
DA:193,0
DA:194,0
DA:196,0
DA:197,0
DA:199,0
DA:201,0
DA:203,0
DA:205,0
DA:213,0
DA:218,0
DA:223,0
DA:238,0
DA:241,0
DA:252,0
DA:253,0
DA:263,0
DA:264,0
DA:288,0
DA:289,0
DA:316,0
DA:317,0
DA:318,0
DA:321,0
DA:324,0
DA:330,0
DA:333,0
DA:345,0
DA:347,0
DA:354,0
DA:357,0
DA:358,0
DA:365,0
DA:367,0
DA:395,0
DA:403,0
DA:422,0
DA:427,0
DA:428,0
LF:113
LH:0
BRDA:61,0,0,0
BRDA:61,0,1,0
BRDA:61,1,0,0
BRDA:61,1,1,0
BRDA:61,2,0,0
BRDA:61,2,1,0
BRDA:66,3,0,0
BRDA:66,3,1,0
BRDA:66,4,0,0
BRDA:66,4,1,0
BRDA:66,5,0,0
BRDA:66,5,1,0
BRDA:66,6,0,0
BRDA:66,6,1,0
BRDA:72,7,0,0
BRDA:72,7,1,0
BRDA:74,8,0,0
BRDA:74,8,1,0
BRDA:80,9,0,0
BRDA:80,9,1,0
BRDA:88,10,0,0
BRDA:88,10,1,0
BRDA:88,10,2,0
BRDA:88,10,3,0
BRDA:91,11,0,0
BRDA:99,12,0,0
BRDA:99,13,0,0
BRDA:99,13,1,0
BRDA:99,13,2,0
BRDA:99,14,0,0
BRDA:99,14,1,0
BRDA:99,15,0,0
BRDA:99,15,1,0
BRDA:101,16,0,0
BRDA:101,16,1,0
BRDA:101,17,0,0
BRDA:101,17,1,0
BRDA:109,18,0,0
BRDA:115,19,0,0
BRDA:115,19,1,0
BRDA:117,20,0,0
BRDA:141,21,0,0
BRDA:141,21,1,0
BRDA:145,22,0,0
BRDA:145,22,1,0
BRDA:147,23,0,0
BRDA:147,23,1,0
BRDA:148,24,0,0
BRDA:148,24,1,0
BRDA:149,25,0,0
BRDA:149,25,1,0
BRDA:196,26,0,0
BRDA:196,27,0,0
BRDA:196,27,1,0
BRDA:208,28,0,0
BRDA:208,28,1,0
BRDA:218,29,0,0
BRDA:218,29,1,0
BRDA:218,29,2,0
BRDA:218,29,3,0
BRDA:218,29,4,0
BRDA:218,29,5,0
BRDA:222,30,0,0
BRDA:222,30,1,0
BRDA:222,31,0,0
BRDA:222,31,1,0
BRDA:222,32,0,0
BRDA:222,32,1,0
BRDA:225,33,0,0
BRDA:225,33,1,0
BRDA:225,34,0,0
BRDA:225,34,1,0
BRDA:225,35,0,0
BRDA:225,35,1,0
BRDA:225,36,0,0
BRDA:225,36,1,0
BRDA:226,37,0,0
BRDA:226,37,1,0
BRDA:226,38,0,0
BRDA:226,38,1,0
BRDA:226,39,0,0
BRDA:226,39,1,0
BRDA:226,40,0,0
BRDA:226,40,1,0
BRDA:229,41,0,0
BRDA:229,41,1,0
BRDA:230,42,0,0
BRDA:230,42,1,0
BRDA:233,43,0,0
BRDA:233,43,1,0
BRDA:233,44,0,0
BRDA:233,44,1,0
BRDA:240,45,0,0
BRDA:240,45,1,0
BRDA:240,45,2,0
BRDA:243,46,0,0
BRDA:243,46,1,0
BRDA:259,47,0,0
BRDA:259,47,1,0
BRDA:266,48,0,0
BRDA:266,48,1,0
BRDA:275,49,0,0
BRDA:275,49,1,0
BRDA:275,49,2,0
BRDA:280,50,0,0
BRDA:280,50,1,0
BRDA:291,51,0,0
BRDA:291,51,1,0
BRDA:291,51,2,0
BRDA:277,52,0,0
BRDA:277,52,1,0
BRDA:304,53,0,0
BRDA:304,53,1,0
BRDA:314,54,0,0
BRDA:314,54,1,0
BRDA:314,54,2,0
BRDA:314,54,3,0
BRDA:316,55,0,0
BRDA:317,56,0,0
BRDA:324,57,0,0
BRDA:325,58,0,0
BRDA:325,58,1,0
BRDA:325,58,2,0
BRDA:325,58,3,0
BRDA:325,58,4,0
BRDA:333,59,0,0
BRDA:333,59,1,0
BRDA:340,60,0,0
BRDA:340,60,1,0
BRDA:357,61,0,0
BRDA:357,61,1,0
BRDA:380,62,0,0
BRDA:380,62,1,0
BRDA:380,62,2,0
BRF:134
BRH:0
end_of_record
TN:
SF:../components/DrawingLineSelection.tsx
FN:24,DrawingLineSelection
FN:29,(anonymous_1)
FN:31,(anonymous_2)
FN:38,(anonymous_3)
FN:41,(anonymous_4)
FN:49,(anonymous_5)
FN:73,(anonymous_6)
FN:86,(anonymous_7)
FNF:8
FNH:0
FNDA:0,DrawingLineSelection
FNDA:0,(anonymous_1)
FNDA:0,(anonymous_2)
FNDA:0,(anonymous_3)
FNDA:0,(anonymous_4)
FNDA:0,(anonymous_5)
FNDA:0,(anonymous_6)
FNDA:0,(anonymous_7)
DA:1,0
DA:2,0
DA:3,0
DA:7,0
DA:8,0
DA:9,0
DA:10,0
DA:11,0
DA:12,0
DA:18,0
DA:19,0
DA:20,0
DA:22,0
DA:24,0
DA:25,0
DA:27,0
DA:29,0
DA:31,0
DA:32,0
DA:37,0
DA:38,0
DA:41,0
DA:44,0
DA:45,0
DA:46,0
DA:47,0
DA:49,0
DA:55,0
DA:56,0
DA:59,0
DA:73,0
DA:86,0
LF:32
LH:0
BRDA:32,0,0,0
BRDA:32,0,1,0
BRDA:32,1,0,0
BRDA:32,1,1,0
BRDA:32,2,0,0
BRDA:32,2,1,0
BRDA:44,3,0,0
BRDA:44,3,1,0
BRDA:46,4,0,0
BRDA:55,5,0,0
BRDA:61,6,0,0
BRDA:61,6,1,0
BRDA:63,7,0,0
BRDA:63,7,1,0
BRDA:64,8,0,0
BRDA:64,8,1,0
BRDA:64,9,0,0
BRDA:64,9,1,0
BRDA:65,10,0,0
BRDA:65,10,1,0
BRDA:65,11,0,0
BRDA:65,11,1,0
BRDA:69,12,0,0
BRDA:69,12,1,0
BRDA:78,13,0,0
BRDA:78,13,1,0
BRDA:78,14,0,0
BRDA:78,14,1,0
BRDA:89,15,0,0
BRDA:89,15,1,0
BRDA:89,16,0,0
BRDA:89,16,1,0
BRDA:92,17,0,0
BRDA:92,17,1,0
BRDA:92,17,2,0
BRDA:102,18,0,0
BRDA:102,18,1,0
BRDA:102,19,0,0
BRDA:102,19,1,0
BRF:39
BRH:0
end_of_record
TN:
SF:../components/DrawingLinesResult.tsx
FN:8,useLinePointColor
FN:10,(anonymous_1)
FN:18,(anonymous_2)
FN:30,DrawingLinesResult
FN:31,(anonymous_4)
FN:37,(anonymous_5)
FNF:6
FNH:0
FNDA:0,useLinePointColor
FNDA:0,(anonymous_1)
FNDA:0,(anonymous_2)
FNDA:0,DrawingLinesResult
FNDA:0,(anonymous_4)
FNDA:0,(anonymous_5)
DA:1,0
DA:2,0
DA:3,0
DA:4,0
DA:5,0
DA:6,0
DA:10,0
DA:11,0
DA:18,0
DA:19,0
DA:21,0
DA:23,0
DA:30,0
DA:31,0
DA:33,0
DA:35,0
DA:38,0
LF:17
LH:0
BRDA:10,0,0,0
BRDA:10,0,1,0
BRDA:11,1,0,0
BRDA:11,1,1,0
BRDA:11,2,0,0
BRDA:11,2,1,0
BRDA:11,3,0,0
BRDA:11,3,1,0
BRDA:12,4,0,0
BRDA:12,4,1,0
BRDA:12,5,0,0
BRDA:12,5,1,0
BRDA:13,6,0,0
BRDA:13,6,1,0
BRDA:13,7,0,0
BRDA:13,7,1,0
BRDA:13,8,0,0
BRDA:13,8,1,0
BRDA:14,9,0,0
BRDA:14,9,1,0
BRDA:14,10,0,0
BRDA:14,10,1,0
BRF:22
BRH:0
end_of_record
TN:
SF:../components/DrawingLinesTool.tsx
FN:12,DrawingLinesTool
FN:13,(anonymous_1)
FN:15,(anonymous_2)
FN:17,(anonymous_3)
FN:25,(anonymous_4)
FN:27,(anonymous_5)
FN:30,(anonymous_6)
FNF:7
FNH:0
FNDA:0,DrawingLinesTool
FNDA:0,(anonymous_1)
FNDA:0,(anonymous_2)
FNDA:0,(anonymous_3)
FNDA:0,(anonymous_4)
FNDA:0,(anonymous_5)
FNDA:0,(anonymous_6)
DA:1,0
DA:2,0
DA:3,0
DA:4,0
DA:6,0
DA:7,0
DA:8,0
DA:10,0
DA:12,0
DA:13,0
DA:15,0
DA:17,0
DA:18,0
DA:23,0
DA:25,0
DA:27,0
DA:29,0
DA:31,0
DA:36,0
DA:39,0
DA:43,0
DA:44,0
DA:45,0
DA:46,0
DA:48,0
DA:51,0
DA:63,0
DA:68,0
DA:70,0
LF:29
LH:0
BRDA:18,0,0,0
BRDA:18,0,1,0
BRDA:18,1,0,0
BRDA:18,1,1,0
BRDA:18,2,0,0
BRDA:18,2,1,0
BRDA:31,3,0,0
BRDA:33,4,0,0
BRDA:33,4,1,0
BRDA:43,5,0,0
BRDA:43,5,1,0
BRDA:44,6,0,0
BRDA:44,6,1,0
BRDA:45,7,0,0
BRDA:45,7,1,0
BRDA:54,8,0,0
BRDA:54,8,1,0
BRDA:54,9,0,0
BRDA:54,9,1,0
BRDA:54,10,0,0
BRDA:54,10,1,0
BRDA:59,11,0,0
BRDA:59,11,1,0
BRF:23
BRH:0
end_of_record
TN:
SF:../components/DrawingPointSelection.tsx
FN:13,DrawingPointSelection
FN:18,(anonymous_1)
FN:37,(anonymous_2)
FNF:3
FNH:0
FNDA:0,DrawingPointSelection
FNDA:0,(anonymous_1)
FNDA:0,(anonymous_2)
DA:1,0
DA:2,0
DA:3,0
DA:5,0
DA:6,0
DA:7,0
DA:8,0
DA:9,0
DA:11,0
DA:13,0
DA:14,0
DA:16,0
DA:18,0
DA:19,0
DA:24,0
DA:25,0
DA:28,0
DA:37,0
LF:18
LH:0
BRDA:19,0,0,0
BRDA:19,0,1,0
BRDA:19,1,0,0
BRDA:19,1,1,0
BRDA:19,2,0,0
BRDA:19,2,1,0
BRDA:24,3,0,0
BRDA:31,4,0,0
BRDA:31,4,1,0
BRDA:31,5,0,0
BRDA:31,5,1,0
BRDA:40,6,0,0
BRDA:40,6,1,0
BRDA:40,7,0,0
BRDA:40,7,1,0
BRDA:54,8,0,0
BRDA:54,8,1,0
BRDA:54,9,0,0
BRDA:54,9,1,0
BRF:19
BRH:0
end_of_record
TN:
SF:../components/DrawingPointsResult.tsx
FN:16,DrawingPointsResult
FN:21,(anonymous_1)
FN:29,(anonymous_2)
FN:40,(anonymous_3)
FN:58,(anonymous_4)
FN:61,(anonymous_5)
FN:62,(anonymous_6)
FN:62,(anonymous_7)
FN:72,(anonymous_8)
FN:76,(anonymous_9)
FNF:10
FNH:0
FNDA:0,DrawingPointsResult
FNDA:0,(anonymous_1)
FNDA:0,(anonymous_2)
FNDA:0,(anonymous_3)
FNDA:0,(anonymous_4)
FNDA:0,(anonymous_5)
FNDA:0,(anonymous_6)
FNDA:0,(anonymous_7)
FNDA:0,(anonymous_8)
FNDA:0,(anonymous_9)
DA:1,0
DA:2,0
DA:6,0
DA:7,0
DA:8,0
DA:9,0
DA:11,0
DA:12,0
DA:13,0
DA:14,0
DA:16,0
DA:17,0
DA:19,0
DA:21,0
DA:22,0
DA:27,0
DA:30,0
DA:31,0
DA:33,0
DA:39,0
DA:41,0
DA:42,0
DA:44,0
DA:52,0
DA:58,0
DA:60,0
DA:62,0
DA:63,0
DA:64,0
DA:66,0
DA:72,0
DA:74,0
DA:77,0
DA:79,0
LF:34
LH:0
BRDA:22,0,0,0
BRDA:22,0,1,0
BRDA:22,1,0,0
BRDA:22,1,1,0
BRDA:22,2,0,0
BRDA:22,2,1,0
BRDA:23,3,0,0
BRDA:23,3,1,0
BRDA:23,4,0,0
BRDA:23,4,1,0
BRDA:30,5,0,0
BRDA:41,6,0,0
BRDA:63,7,0,0
BRDA:77,8,0,0
BRDA:77,8,1,0
BRDA:90,9,0,0
BRDA:90,9,1,0
BRDA:91,10,0,0
BRDA:91,10,1,0
BRDA:94,11,0,0
BRDA:94,11,1,0
BRDA:96,12,0,0
BRDA:96,12,1,0
BRDA:99,13,0,0
BRDA:99,13,1,0
BRDA:81,14,0,0
BRDA:81,14,1,0
BRF:27
BRH:0
end_of_record
TN:
SF:../components/DrawingPointsTool.tsx
FN:11,DrawingPointsTool
FN:12,(anonymous_1)
FN:19,(anonymous_2)
FNF:3
FNH:2
FNDA:5,DrawingPointsTool
FNDA:8,(anonymous_1)
FNDA:0,(anonymous_2)
DA:1,1
DA:5,1
DA:7,1
DA:8,1
DA:9,1
DA:11,1
DA:12,8
DA:14,4
DA:16,4
DA:20,0
DA:28,0
DA:34,0
LF:12
LH:9
BRF:0
BRH:0
end_of_record
TN:
SF:../components/DrawingPropertiesModal.tsx
FN:27,DrawingEditLabelModal
FN:30,(anonymous_1)
FN:40,(anonymous_2)
FN:50,(anonymous_3)
FN:58,(anonymous_4)
FN:66,(anonymous_5)
FN:74,(anonymous_6)
FN:88,(anonymous_7)
FN:93,(anonymous_8)
FN:132,(anonymous_9)
FN:150,(anonymous_10)
FN:157,(anonymous_11)
FN:195,(anonymous_12)
FN:206,(anonymous_13)
FN:213,(anonymous_14)
FN:258,(anonymous_15)
FN:265,(anonymous_16)
FN:272,(anonymous_17)
FN:308,(anonymous_18)
FN:332,(anonymous_19)
FNF:20
FNH:0
FNDA:0,DrawingEditLabelModal
FNDA:0,(anonymous_1)
FNDA:0,(anonymous_2)
FNDA:0,(anonymous_3)
FNDA:0,(anonymous_4)
FNDA:0,(anonymous_5)
FNDA:0,(anonymous_6)
FNDA:0,(anonymous_7)
FNDA:0,(anonymous_8)
FNDA:0,(anonymous_9)
FNDA:0,(anonymous_10)
FNDA:0,(anonymous_11)
FNDA:0,(anonymous_12)
FNDA:0,(anonymous_13)
FNDA:0,(anonymous_14)
FNDA:0,(anonymous_15)
FNDA:0,(anonymous_16)
FNDA:0,(anonymous_17)
FNDA:0,(anonymous_18)
FNDA:0,(anonymous_19)
DA:1,0
DA:2,0
DA:3,0
DA:4,0
DA:5,0
DA:6,0
DA:7,0
DA:8,0
DA:15,0
DA:16,0
DA:17,0
DA:18,0
DA:19,0
DA:20,0
DA:21,0
DA:22,0
DA:23,0
DA:27,0
DA:28,0
DA:30,0
DA:31,0
DA:33,0
DA:40,0
DA:41,0
DA:43,0
DA:50,0
DA:51,0
DA:53,0
DA:58,0
DA:59,0
DA:61,0
DA:66,0
DA:67,0
DA:69,0
DA:74,0
DA:76,0
DA:78,0
DA:80,0
DA:82,0
DA:86,0
DA:88,0
DA:89,0
DA:92,0
DA:94,0
DA:96,0
DA:97,0
DA:99,0
DA:100,0
DA:103,0
DA:105,0
DA:106,0
DA:109,0
DA:111,0
DA:112,0
DA:115,0
DA:117,0
DA:118,0
DA:121,0
DA:124,0
DA:126,0
DA:132,0
DA:137,0
DA:138,0
DA:141,0
DA:142,0
DA:145,0
DA:146,0
DA:151,0
DA:152,0
DA:158,0
DA:167,0
DA:169,0
DA:171,0
DA:173,0
DA:176,0
DA:179,0
DA:180,0
DA:182,0
DA:183,0
DA:186,0
DA:189,0
DA:191,0
DA:195,0
DA:201,0
DA:202,0
DA:207,0
DA:208,0
DA:214,0
DA:223,0
DA:225,0
DA:227,0
DA:229,0
DA:232,0
DA:235,0
DA:244,0
DA:257,0
DA:259,0
DA:264,0
DA:266,0
DA:271,0
DA:273,0
DA:278,0
DA:308,0
DA:332,0
DA:356,0
LF:105
LH:0
BRDA:33,0,0,0
BRDA:33,0,1,0
BRDA:33,1,0,0
BRDA:33,1,1,0
BRDA:33,2,0,0
BRDA:33,2,1,0
BRDA:33,3,0,0
BRDA:33,3,1,0
BRDA:34,4,0,0
BRDA:34,4,1,0
BRDA:34,5,0,0
BRDA:34,5,1,0
BRDA:34,6,0,0
BRDA:34,6,1,0
BRDA:34,7,0,0
BRDA:34,7,1,0
BRDA:35,8,0,0
BRDA:35,8,1,0
BRDA:35,9,0,0
BRDA:35,9,1,0
BRDA:35,10,0,0
BRDA:35,10,1,0
BRDA:35,11,0,0
BRDA:35,11,1,0
BRDA:36,12,0,0
BRDA:36,12,1,0
BRDA:36,13,0,0
BRDA:36,13,1,0
BRDA:36,14,0,0
BRDA:36,14,1,0
BRDA:36,15,0,0
BRDA:36,15,1,0
BRDA:43,16,0,0
BRDA:43,16,1,0
BRDA:43,17,0,0
BRDA:43,17,1,0
BRDA:43,18,0,0
BRDA:43,18,1,0
BRDA:43,19,0,0
BRDA:43,19,1,0
BRDA:44,20,0,0
BRDA:44,20,1,0
BRDA:44,21,0,0
BRDA:44,21,1,0
BRDA:45,22,0,0
BRDA:45,22,1,0
BRDA:45,23,0,0
BRDA:45,23,1,0
BRDA:45,24,0,0
BRDA:45,24,1,0
BRDA:45,25,0,0
BRDA:45,25,1,0
BRDA:46,26,0,0
BRDA:46,26,1,0
BRDA:46,27,0,0
BRDA:46,27,1,0
BRDA:53,28,0,0
BRDA:53,28,1,0
BRDA:53,29,0,0
BRDA:53,29,1,0
BRDA:53,30,0,0
BRDA:53,30,1,0
BRDA:53,31,0,0
BRDA:53,31,1,0
BRDA:54,32,0,0
BRDA:54,32,1,0
BRDA:54,33,0,0
BRDA:54,33,1,0
BRDA:61,34,0,0
BRDA:61,34,1,0
BRDA:61,35,0,0
BRDA:61,35,1,0
BRDA:61,36,0,0
BRDA:61,36,1,0
BRDA:62,37,0,0
BRDA:62,37,1,0
BRDA:62,38,0,0
BRDA:62,38,1,0
BRDA:69,39,0,0
BRDA:69,39,1,0
BRDA:69,40,0,0
BRDA:69,40,1,0
BRDA:69,41,0,0
BRDA:69,41,1,0
BRDA:70,42,0,0
BRDA:70,42,1,0
BRDA:70,43,0,0
BRDA:70,43,1,0
BRDA:74,44,0,0
BRDA:74,44,1,0
BRDA:74,45,0,0
BRDA:74,45,1,0
BRDA:80,46,0,0
BRDA:80,46,1,0
BRDA:83,47,0,0
BRDA:83,47,1,0
BRDA:83,48,0,0
BRDA:83,48,1,0
BRDA:96,49,0,0
BRDA:96,50,0,0
BRDA:96,50,1,0
BRDA:99,51,0,0
BRDA:105,52,0,0
BRDA:111,53,0,0
BRDA:117,54,0,0
BRDA:124,55,0,0
BRDA:124,55,1,0
BRDA:137,56,0,0
BRDA:141,57,0,0
BRDA:145,58,0,0
BRDA:145,58,1,0
BRDA:151,59,0,0
BRDA:158,60,0,0
BRDA:158,60,1,0
BRDA:158,61,0,0
BRDA:158,61,1,0
BRDA:179,62,0,0
BRDA:179,63,0,0
BRDA:179,63,1,0
BRDA:182,64,0,0
BRDA:189,65,0,0
BRDA:189,65,1,0
BRDA:198,66,0,0
BRDA:198,66,1,0
BRDA:201,67,0,0
BRDA:201,67,1,0
BRDA:207,68,0,0
BRDA:214,69,0,0
BRDA:214,69,1,0
BRDA:214,70,0,0
BRDA:214,70,1,0
BRDA:237,71,0,0
BRDA:237,71,1,0
BRDA:239,72,0,0
BRDA:239,72,1,0
BRDA:282,73,0,0
BRDA:282,73,1,0
BRDA:282,74,0,0
BRDA:282,74,1,0
BRDA:287,75,0,0
BRDA:287,75,1,0
BRDA:287,76,0,0
BRDA:287,76,1,0
BRDA:292,77,0,0
BRDA:292,77,1,0
BRDA:292,78,0,0
BRDA:292,78,1,0
BRDA:297,79,0,0
BRDA:297,79,1,0
BRDA:297,80,0,0
BRDA:297,80,1,0
BRDA:300,81,0,0
BRDA:300,81,1,0
BRDA:300,82,0,0
BRDA:300,82,1,0
BRDA:304,83,0,0
BRDA:304,83,1,0
BRDA:311,84,0,0
BRDA:311,84,1,0
BRDA:314,85,0,0
BRDA:314,85,1,0
BRDA:314,86,0,0
BRDA:314,86,1,0
BRDA:327,87,0,0
BRDA:327,87,1,0
BRDA:327,88,0,0
BRDA:327,88,1,0
BRDA:334,89,0,0
BRDA:334,89,1,0
BRDA:334,90,0,0
BRDA:334,90,1,0
BRDA:335,91,0,0
BRDA:335,91,1,0
BRDA:335,92,0,0
BRDA:335,92,1,0
BRDA:344,93,0,0
BRDA:344,93,1,0
BRDA:344,94,0,0
BRDA:344,94,1,0
BRDA:348,95,0,0
BRDA:348,95,1,0
BRDA:348,96,0,0
BRDA:348,96,1,0
BRF:183
BRH:0
end_of_record
TN:
SF:../components/DrawingRecentColors.tsx
FN:8,DrawingRecentColors
FN:10,(anonymous_1)
FN:15,(anonymous_2)
FN:20,(anonymous_3)
FNF:4
FNH:0
FNDA:0,DrawingRecentColors
FNDA:0,(anonymous_1)
FNDA:0,(anonymous_2)
FNDA:0,(anonymous_3)
DA:1,0
DA:2,0
DA:8,0
DA:9,0
DA:10,0
DA:13,0
DA:16,0
DA:20,0
LF:8
LH:0
BRF:0
BRH:0
end_of_record
TN:
SF:../components/ElevationChart.tsx
FN:27,(anonymous_0)
FN:28,(anonymous_1)
FN:33,ElevationChart
FN:39,(anonymous_3)
FN:59,(anonymous_4)
FN:60,(anonymous_5)
FN:62,(anonymous_6)
FN:67,mapX
FN:71,mapY
FN:77,(anonymous_9)
FN:88,(anonymous_10)
FN:102,(anonymous_11)
FN:118,(anonymous_12)
FN:128,(anonymous_13)
FN:129,(anonymous_14)
FN:143,(anonymous_15)
FN:154,(anonymous_16)
FN:155,(anonymous_17)
FN:164,(anonymous_18)
FN:179,(anonymous_19)
FN:194,(anonymous_20)
FN:208,(anonymous_21)
FN:228,(anonymous_22)
FN:237,(anonymous_23)
FN:256,(anonymous_24)
FN:294,(anonymous_25)
FNF:26
FNH:0
FNDA:0,(anonymous_0)
FNDA:0,(anonymous_1)
FNDA:0,ElevationChart
FNDA:0,(anonymous_3)
FNDA:0,(anonymous_4)
FNDA:0,(anonymous_5)
FNDA:0,(anonymous_6)
FNDA:0,mapX
FNDA:0,mapY
FNDA:0,(anonymous_9)
FNDA:0,(anonymous_10)
FNDA:0,(anonymous_11)
FNDA:0,(anonymous_12)
FNDA:0,(anonymous_13)
FNDA:0,(anonymous_14)
FNDA:0,(anonymous_15)
FNDA:0,(anonymous_16)
FNDA:0,(anonymous_17)
FNDA:0,(anonymous_18)
FNDA:0,(anonymous_19)
FNDA:0,(anonymous_20)
FNDA:0,(anonymous_21)
FNDA:0,(anonymous_22)
FNDA:0,(anonymous_23)
FNDA:0,(anonymous_24)
FNDA:0,(anonymous_25)
DA:1,0
DA:5,0
DA:6,0
DA:7,0
DA:8,0
DA:9,0
DA:18,0
DA:19,0
DA:20,0
DA:22,0
DA:23,0
DA:24,0
DA:25,0
DA:27,0
DA:28,0
DA:31,0
DA:33,0
DA:34,0
DA:36,0
DA:38,0
DA:39,0
DA:42,0
DA:47,0
DA:53,0
DA:55,0
DA:57,0
DA:59,0
DA:60,0
DA:62,0
DA:65,0
DA:68,0
DA:72,0
DA:75,0
DA:77,0
DA:79,0
DA:80,0
DA:83,0
DA:85,0
DA:88,0
DA:91,0
DA:92,0
DA:95,0
DA:97,0
DA:100,0
DA:102,0
DA:103,0
DA:105,0
DA:107,0
DA:109,0
DA:110,0
DA:111,0
DA:113,0
DA:118,0
DA:119,0
DA:121,0
DA:124,0
DA:126,0
DA:128,0
DA:129,0
DA:130,0
DA:132,0
DA:135,0
DA:136,0
DA:138,0
DA:140,0
DA:143,0
DA:144,0
DA:148,0
DA:150,0
DA:152,0
DA:154,0
DA:155,0
DA:156,0
DA:160,0
DA:164,0
DA:165,0
DA:166,0
DA:171,0
DA:173,0
DA:175,0
DA:179,0
DA:180,0
DA:181,0
DA:188,0
DA:190,0
DA:192,0
DA:194,0
DA:195,0
DA:197,0
DA:199,0
DA:203,0
DA:208,0
DA:228,0
DA:237,0
DA:257,0
DA:295,0
LF:96
LH:0
BRDA:39,0,0,0
BRDA:39,0,1,0
BRDA:77,1,0,0
BRDA:77,1,1,0
BRDA:77,2,0,0
BRDA:77,2,1,0
BRDA:88,3,0,0
BRDA:88,3,1,0
BRDA:88,4,0,0
BRDA:88,4,1,0
BRDA:110,5,0,0
BRDA:132,6,0,0
BRDA:132,6,1,0
BRDA:135,7,0,0
BRDA:156,8,0,0
BRDA:157,9,0,0
BRDA:157,9,1,0
BRDA:165,10,0,0
BRDA:180,11,0,0
BRDA:244,12,0,0
BRDA:244,12,1,0
BRDA:279,13,0,0
BRDA:279,13,1,0
BRDA:279,13,2,0
BRDA:279,13,3,0
BRDA:279,13,4,0
BRDA:317,14,0,0
BRDA:317,14,1,0
BRDA:317,14,2,0
BRDA:317,14,3,0
BRDA:317,14,4,0
BRDA:364,15,0,0
BRDA:364,15,1,0
BRDA:364,15,2,0
BRDA:366,16,0,0
BRDA:366,16,1,0
BRDA:366,17,0,0
BRDA:366,17,1,0
BRDA:367,18,0,0
BRDA:367,18,1,0
BRDA:367,19,0,0
BRDA:367,19,1,0
BRF:42
BRH:0
end_of_record
TN:
SF:../components/ElevationChartActivePoint.tsx
FN:10,ElevationChartActivePoint
FN:14,(anonymous_1)
FNF:2
FNH:0
FNDA:0,ElevationChartActivePoint
FNDA:0,(anonymous_1)
DA:1,0
DA:2,0
DA:3,0
DA:4,0
DA:5,0
DA:7,0
DA:8,0
DA:10,0
DA:11,0
DA:13,0
DA:14,0
DA:17,0
DA:22,0
DA:27,0
LF:14
LH:0
BRDA:28,0,0,0
BRDA:28,0,1,0
BRDA:47,1,0,0
BRDA:47,1,1,0
BRDA:47,2,0,0
BRDA:47,2,1,0
BRDA:48,3,0,0
BRDA:48,3,1,0
BRDA:48,3,2,0
BRF:9
BRH:0
end_of_record
TN:
SF:../components/ElevationInfo.tsx
FN:20,ElevationInfo
FN:32,(anonymous_1)
FN:36,substitute
FN:46,(anonymous_3)
FN:48,(anonymous_4)
FN:51,(anonymous_5)
FN:54,(anonymous_6)
FN:56,(anonymous_7)
FN:59,(anonymous_8)
FN:63,(anonymous_9)
FN:77,(anonymous_10)
FNF:11
FNH:0
FNDA:0,ElevationInfo
FNDA:0,(anonymous_1)
FNDA:0,substitute
FNDA:0,(anonymous_3)
FNDA:0,(anonymous_4)
FNDA:0,(anonymous_5)
FNDA:0,(anonymous_6)
FNDA:0,(anonymous_7)
FNDA:0,(anonymous_8)
FNDA:0,(anonymous_9)
FNDA:0,(anonymous_10)
DA:1,0
DA:2,0
DA:3,0
DA:4,0
DA:5,0
DA:7,0
DA:20,0
DA:27,0
DA:32,0
DA:34,0
DA:37,0
DA:44,0
DA:46,0
DA:48,0
DA:50,0
DA:51,0
DA:54,0
DA:56,0
DA:59,0
DA:61,0
DA:64,0
DA:78,0
LF:22
LH:0
BRDA:37,0,0,0
BRDA:37,0,1,0
BRDA:37,1,0,0
BRDA:37,1,1,0
BRDA:54,2,0,0
BRDA:54,2,1,0
BRDA:54,3,0,0
BRDA:54,3,1,0
BRDA:59,4,0,0
BRDA:59,4,1,0
BRDA:59,5,0,0
BRDA:59,5,1,0
BRDA:59,6,0,0
BRDA:59,6,1,0
BRDA:59,7,0,0
BRDA:59,7,1,0
BRDA:67,8,0,0
BRDA:67,8,1,0
BRDA:73,9,0,0
BRDA:73,9,1,0
BRDA:79,10,0,0
BRDA:79,10,1,0
BRDA:89,11,0,0
BRDA:89,11,1,0
BRDA:91,12,0,0
BRDA:91,12,1,0
BRDA:91,13,0,0
BRDA:91,13,1,0
BRF:28
BRH:0
end_of_record
TN:
SF:../components/EmbedMapModal.tsx
FN:18,EmbedMapModal
FN:34,(anonymous_1)
FN:39,(anonymous_2)
FN:44,(anonymous_3)
FN:62,(anonymous_4)
FN:76,(anonymous_5)
FN:77,(anonymous_6)
FN:95,(anonymous_7)
FN:99,(anonymous_8)
FN:103,(anonymous_9)
FN:113,(anonymous_10)
FN:144,(anonymous_11)
FN:158,(anonymous_12)
FN:169,(anonymous_13)
FN:178,(anonymous_14)
FN:187,(anonymous_15)
FNF:16
FNH:0
FNDA:0,EmbedMapModal
FNDA:0,(anonymous_1)
FNDA:0,(anonymous_2)
FNDA:0,(anonymous_3)
FNDA:0,(anonymous_4)
FNDA:0,(anonymous_5)
FNDA:0,(anonymous_6)
FNDA:0,(anonymous_7)
FNDA:0,(anonymous_8)
FNDA:0,(anonymous_9)
FNDA:0,(anonymous_10)
FNDA:0,(anonymous_11)
FNDA:0,(anonymous_12)
FNDA:0,(anonymous_13)
FNDA:0,(anonymous_14)
FNDA:0,(anonymous_15)
DA:1,0
DA:2,0
DA:3,0
DA:4,0
DA:5,0
DA:6,0
DA:7,0
DA:8,0
DA:9,0
DA:10,0
DA:11,0
DA:12,0
DA:16,0
DA:18,0
DA:19,0
DA:21,0
DA:23,0
DA:25,0
DA:27,0
DA:29,0
DA:31,0
DA:33,0
DA:35,0
DA:39,0
DA:43,0
DA:45,0
DA:47,0
DA:54,0
DA:56,0
DA:58,0
DA:60,0
DA:62,0
DA:63,0
DA:64,0
DA:76,0
DA:77,0
DA:78,0
DA:80,0
DA:82,0
DA:90,0
DA:95,0
DA:96,0
DA:99,0
DA:100,0
DA:101,0
DA:103,0
DA:104,0
DA:105,0
DA:109,0
DA:113,0
DA:114,0
DA:117,0
DA:119,0
DA:120,0
DA:123,0
DA:145,0
DA:159,0
DA:170,0
DA:179,0
DA:188,0
LF:60
LH:0
BRDA:36,0,0,0
BRDA:36,0,1,0
BRDA:37,1,0,0
BRDA:37,1,1,0
BRDA:38,2,0,0
BRDA:38,2,1,0
BRDA:48,3,0,0
BRDA:48,3,1,0
BRDA:63,4,0,0
BRDA:63,5,0,0
BRDA:63,5,1,0
BRDA:63,6,0,0
BRDA:63,6,1,0
BRDA:80,7,0,0
BRDA:80,7,1,0
BRDA:80,8,0,0
BRDA:80,8,1,0
BRDA:80,9,0,0
BRDA:80,9,1,0
BRDA:80,10,0,0
BRDA:80,10,1,0
BRDA:82,11,0,0
BRDA:83,12,0,0
BRDA:83,12,1,0
BRDA:83,12,2,0
BRDA:83,12,3,0
BRDA:83,12,4,0
BRDA:83,12,5,0
BRDA:100,13,0,0
BRDA:104,14,0,0
BRDA:119,15,0,0
BRDA:127,16,0,0
BRDA:127,16,1,0
BRDA:127,17,0,0
BRDA:127,17,1,0
BRDA:132,18,0,0
BRDA:132,18,1,0
BRDA:132,19,0,0
BRDA:132,19,1,0
BRDA:135,20,0,0
BRDA:135,20,1,0
BRDA:135,21,0,0
BRDA:135,21,1,0
BRDA:149,22,0,0
BRDA:149,22,1,0
BRDA:149,23,0,0
BRDA:149,23,1,0
BRDA:165,24,0,0
BRDA:165,24,1,0
BRDA:165,25,0,0
BRDA:165,25,1,0
BRDA:173,26,0,0
BRDA:173,26,1,0
BRDA:173,27,0,0
BRDA:173,27,1,0
BRDA:182,28,0,0
BRDA:182,28,1,0
BRDA:182,29,0,0
BRDA:182,29,1,0
BRDA:191,30,0,0
BRDA:191,30,1,0
BRDA:191,31,0,0
BRDA:191,31,1,0
BRDA:194,32,0,0
BRDA:194,32,1,0
BRDA:194,33,0,0
BRDA:194,33,1,0
BRDA:205,34,0,0
BRDA:205,34,1,0
BRDA:205,35,0,0
BRDA:205,35,1,0
BRDA:225,36,0,0
BRDA:225,36,1,0
BRDA:225,37,0,0
BRDA:225,37,1,0
BRDA:228,38,0,0
BRDA:228,38,1,0
BRDA:228,39,0,0
BRDA:228,39,1,0
BRF:79
BRH:0
end_of_record
TN:
SF:../components/ErrorCatcher.tsx
FN:9,Error
FN:12,(anonymous_1)
FN:28,(anonymous_2)
FN:31,(anonymous_3)
FN:35,(anonymous_4)
FNF:5
FNH:0
FNDA:0,Error
FNDA:0,(anonymous_1)
FNDA:0,(anonymous_2)
FNDA:0,(anonymous_3)
FNDA:0,(anonymous_4)
DA:1,0
DA:2,0
DA:3,0
DA:10,0
DA:12,0
DA:14,0
DA:28,0
DA:29,0
DA:32,0
DA:36,0
LF:10
LH:0
BRDA:14,0,0,0
BRDA:14,0,1,0
BRDA:18,1,0,0
BRDA:18,1,1,0
BRDA:18,2,0,0
BRDA:18,2,1,0
BRDA:36,3,0,0
BRDA:36,3,1,0
BRF:8
BRH:0
end_of_record
TN:
SF:../components/ExportGpxModal.tsx
FN:56,ExportGpxModal
FN:61,(anonymous_1)
FN:82,(anonymous_2)
FN:86,(anonymous_3)
FN:119,(anonymous_4)
FN:127,(anonymous_5)
FN:139,close
FN:143,(anonymous_7)
FN:149,(anonymous_8)
FN:155,(anonymous_9)
FN:161,(anonymous_10)
FN:195,(anonymous_11)
FN:202,(anonymous_12)
FN:222,(anonymous_13)
FN:230,(anonymous_14)
FNF:15
FNH:0
FNDA:0,ExportGpxModal
FNDA:0,(anonymous_1)
FNDA:0,(anonymous_2)
FNDA:0,(anonymous_3)
FNDA:0,(anonymous_4)
FNDA:0,(anonymous_5)
FNDA:0,close
FNDA:0,(anonymous_7)
FNDA:0,(anonymous_8)
FNDA:0,(anonymous_9)
FNDA:0,(anonymous_10)
FNDA:0,(anonymous_11)
FNDA:0,(anonymous_12)
FNDA:0,(anonymous_13)
FNDA:0,(anonymous_14)
DA:1,0
DA:7,0
DA:8,0
DA:9,0
DA:16,0
DA:17,0
DA:18,0
DA:19,0
DA:20,0
DA:21,0
DA:22,0
DA:34,0
DA:35,0
DA:40,0
DA:54,0
DA:56,0
DA:57,0
DA:59,0
DA:61,0
DA:62,0
DA:68,0
DA:69,0
DA:71,0
DA:74,0
DA:75,0
DA:78,0
DA:79,0
DA:82,0
DA:83,0
DA:86,0
DA:87,0
DA:90,0
DA:91,0
DA:94,0
DA:95,0
DA:98,0
DA:99,0
DA:110,0
DA:113,0
DA:115,0
DA:117,0
DA:119,0
DA:120,0
DA:121,0
DA:126,0
DA:132,0
DA:133,0
DA:140,0
DA:143,0
DA:144,0
DA:145,0
DA:149,0
DA:150,0
DA:151,0
DA:155,0
DA:156,0
DA:157,0
DA:161,0
DA:162,0
DA:163,0
DA:166,0
DA:168,0
DA:169,0
DA:171,0
DA:174,0
DA:177,0
DA:196,0
DA:202,0
DA:222,0
DA:230,0
LF:70
LH:0
BRDA:68,0,0,0
BRDA:74,1,0,0
BRDA:78,2,0,0
BRDA:82,3,0,0
BRDA:86,4,0,0
BRDA:90,5,0,0
BRDA:94,6,0,0
BRDA:98,7,0,0
BRDA:98,8,0,0
BRDA:98,8,1,0
BRDA:120,9,0,0
BRDA:132,10,0,0
BRDA:144,11,0,0
BRDA:150,12,0,0
BRDA:156,13,0,0
BRDA:162,14,0,0
BRDA:168,15,0,0
BRDA:168,15,1,0
BRDA:178,16,0,0
BRDA:178,16,1,0
BRDA:179,17,0,0
BRDA:179,17,1,0
BRDA:183,18,0,0
BRDA:183,18,1,0
BRDA:183,19,0,0
BRDA:183,19,1,0
BRDA:187,20,0,0
BRDA:187,20,1,0
BRDA:187,21,0,0
BRDA:187,21,1,0
BRDA:189,22,0,0
BRDA:189,22,1,0
BRDA:189,23,0,0
BRDA:189,23,1,0
BRDA:192,24,0,0
BRDA:192,24,1,0
BRDA:192,25,0,0
BRDA:192,25,1,0
BRDA:205,26,0,0
BRDA:205,26,1,0
BRDA:205,27,0,0
BRDA:205,27,1,0
BRDA:214,28,0,0
BRDA:214,28,1,0
BRDA:214,29,0,0
BRDA:214,29,1,0
BRDA:240,30,0,0
BRDA:240,30,1,0
BRDA:240,31,0,0
BRDA:240,31,1,0
BRDA:247,32,0,0
BRDA:247,32,1,0
BRDA:247,33,0,0
BRDA:247,33,1,0
BRDA:254,34,0,0
BRDA:254,34,1,0
BRDA:254,35,0,0
BRDA:254,35,1,0
BRDA:257,36,0,0
BRDA:257,36,1,0
BRDA:257,37,0,0
BRDA:257,37,1,0
BRF:62
BRH:0
end_of_record
TN:
SF:../components/ExportPdfModal.tsx
FN:29,ExportPdfModal
FN:31,(anonymous_1)
FN:155,(anonymous_2)
FN:163,close
FN:184,(anonymous_4)
FN:192,(anonymous_5)
FN:206,(anonymous_6)
FN:214,(anonymous_7)
FN:222,(anonymous_8)
FN:230,(anonymous_9)
FN:245,(anonymous_10)
FN:246,(anonymous_11)
FN:255,(anonymous_12)
FN:255,(anonymous_13)
FN:263,(anonymous_14)
FN:264,(anonymous_15)
FN:272,(anonymous_16)
FN:273,(anonymous_17)
FN:282,(anonymous_18)
FN:283,(anonymous_19)
FN:292,(anonymous_20)
FN:293,(anonymous_21)
FN:302,(anonymous_22)
FN:303,(anonymous_23)
FN:312,(anonymous_24)
FN:313,(anonymous_25)
FN:322,(anonymous_26)
FN:323,(anonymous_27)
FN:340,(anonymous_28)
FN:393,(anonymous_29)
FNF:30
FNH:0
FNDA:0,ExportPdfModal
FNDA:0,(anonymous_1)
FNDA:0,(anonymous_2)
FNDA:0,close
FNDA:0,(anonymous_4)
FNDA:0,(anonymous_5)
FNDA:0,(anonymous_6)
FNDA:0,(anonymous_7)
FNDA:0,(anonymous_8)
FNDA:0,(anonymous_9)
FNDA:0,(anonymous_10)
FNDA:0,(anonymous_11)
FNDA:0,(anonymous_12)
FNDA:0,(anonymous_13)
FNDA:0,(anonymous_14)
FNDA:0,(anonymous_15)
FNDA:0,(anonymous_16)
FNDA:0,(anonymous_17)
FNDA:0,(anonymous_18)
FNDA:0,(anonymous_19)
FNDA:0,(anonymous_20)
FNDA:0,(anonymous_21)
FNDA:0,(anonymous_22)
FNDA:0,(anonymous_23)
FNDA:0,(anonymous_24)
FNDA:0,(anonymous_25)
FNDA:0,(anonymous_26)
FNDA:0,(anonymous_27)
FNDA:0,(anonymous_28)
FNDA:0,(anonymous_29)
DA:1,0
DA:2,0
DA:3,0
DA:4,0
DA:5,0
DA:6,0
DA:7,0
DA:8,0
DA:9,0
DA:10,0
DA:11,0
DA:12,0
DA:13,0
DA:14,0
DA:15,0
DA:16,0
DA:23,0
DA:27,0
DA:29,0
DA:30,0
DA:32,0
DA:36,0
DA:38,0
DA:40,0
DA:42,0
DA:44,0
DA:46,0
DA:48,0
DA:50,0
DA:52,0
DA:54,0
DA:56,0
DA:58,0
DA:60,0
DA:62,0
DA:154,0
DA:156,0
DA:161,0
DA:164,0
DA:167,0
DA:184,0
DA:192,0
DA:206,0
DA:214,0
DA:222,0
DA:230,0
DA:246,0
DA:255,0
DA:264,0
DA:273,0
DA:283,0
DA:293,0
DA:303,0
DA:313,0
DA:323,0
DA:341,0
DA:394,0
LF:57
LH:0
BRDA:32,0,0,0
BRDA:32,0,1,0
BRDA:32,1,0,0
BRDA:32,1,1,0
BRDA:32,2,0,0
BRDA:32,2,1,0
BRDA:171,3,0,0
BRDA:171,3,1,0
BRDA:171,4,0,0
BRDA:171,4,1,0
BRDA:176,5,0,0
BRDA:176,5,1,0
BRDA:176,6,0,0
BRDA:176,6,1,0
BRDA:178,7,0,0
BRDA:178,7,1,0
BRDA:178,8,0,0
BRDA:178,8,1,0
BRDA:186,9,0,0
BRDA:186,9,1,0
BRDA:186,10,0,0
BRDA:186,10,1,0
BRDA:195,11,0,0
BRDA:195,11,1,0
BRDA:195,12,0,0
BRDA:195,12,1,0
BRDA:201,13,0,0
BRDA:201,13,1,0
BRDA:201,14,0,0
BRDA:201,14,1,0
BRDA:239,15,0,0
BRDA:239,15,1,0
BRDA:239,16,0,0
BRDA:239,16,1,0
BRDA:248,17,0,0
BRDA:248,17,1,0
BRDA:248,18,0,0
BRDA:248,18,1,0
BRDA:256,19,0,0
BRDA:256,19,1,0
BRDA:256,20,0,0
BRDA:256,20,1,0
BRDA:266,21,0,0
BRDA:266,21,1,0
BRDA:266,22,0,0
BRDA:266,22,1,0
BRDA:275,23,0,0
BRDA:275,23,1,0
BRDA:275,24,0,0
BRDA:275,24,1,0
BRDA:285,25,0,0
BRDA:285,25,1,0
BRDA:285,26,0,0
BRDA:285,26,1,0
BRDA:295,27,0,0
BRDA:295,27,1,0
BRDA:295,28,0,0
BRDA:295,28,1,0
BRDA:305,29,0,0
BRDA:305,29,1,0
BRDA:305,30,0,0
BRDA:305,30,1,0
BRDA:315,31,0,0
BRDA:315,31,1,0
BRDA:315,32,0,0
BRDA:315,32,1,0
BRDA:325,33,0,0
BRDA:325,33,1,0
BRDA:325,34,0,0
BRDA:325,34,1,0
BRDA:330,35,0,0
BRDA:330,35,1,0
BRDA:330,36,0,0
BRDA:330,36,1,0
BRDA:361,37,0,0
BRDA:361,37,1,0
BRDA:361,38,0,0
BRDA:361,38,1,0
BRDA:368,39,0,0
BRDA:368,39,1,0
BRDA:368,40,0,0
BRDA:368,40,1,0
BRDA:382,41,0,0
BRDA:382,41,1,0
BRDA:382,41,2,0
BRDA:413,42,0,0
BRDA:413,42,1,0
BRDA:413,43,0,0
BRDA:413,43,1,0
BRDA:417,44,0,0
BRDA:417,44,1,0
BRDA:417,45,0,0
BRDA:417,45,1,0
BRF:93
BRH:0
end_of_record
TN:
SF:../components/HomeLocationPickingMenu.tsx
FN:15,HomeLocationPickingMenu
FN:19,(anonymous_1)
FN:32,(anonymous_2)
[...]
FN:1228,(anonymous_70)
FN:1315,(anonymous_71)
FN:1320,(anonymous_72)
FN:1330,(anonymous_73)
FN:1332,(anonymous_74)
FN:1359,(anonymous_75)
FN:1410,(anonymous_76)
FN:1411,(anonymous_77)
FN:1412,(anonymous_78)
FN:1413,(anonymous_79)
FN:1414,(anonymous_80)
FN:1415,(anonymous_81)
FN:1416,(anonymous_82)
FN:1422,(anonymous_83)
FN:1503,numberize
FNF:85
FNH:0
FNDA:0,(anonymous_0)
FNDA:0,(anonymous_1)
FNDA:0,(anonymous_2)
FNDA:0,(anonymous_3)
FNDA:0,(anonymous_4)
FNDA:0,(anonymous_5)
FNDA:0,(anonymous_6)
FNDA:0,(anonymous_7)
FNDA:0,(anonymous_8)
FNDA:0,(anonymous_9)
FNDA:0,(anonymous_10)
FNDA:0,(anonymous_11)
FNDA:0,(anonymous_12)
FNDA:0,(anonymous_13)
FNDA:0,(anonymous_14)
FNDA:0,(anonymous_15)
FNDA:0,(anonymous_16)
FNDA:0,(anonymous_17)
FNDA:0,(anonymous_18)
FNDA:0,(anonymous_19)
FNDA:0,(anonymous_20)
FNDA:0,(anonymous_21)
FNDA:0,(anonymous_22)
FNDA:0,(anonymous_23)
FNDA:0,(anonymous_24)
FNDA:0,(anonymous_25)
FNDA:0,(anonymous_26)
FNDA:0,(anonymous_27)
FNDA:0,(anonymous_28)
FNDA:0,(anonymous_29)
FNDA:0,(anonymous_30)
FNDA:0,(anonymous_31)
FNDA:0,(anonymous_32)
FNDA:0,(anonymous_33)
FNDA:0,(anonymous_34)
FNDA:0,(anonymous_35)
FNDA:0,(anonymous_36)
FNDA:0,(anonymous_37)
FNDA:0,(anonymous_38)
FNDA:0,(anonymous_39)
FNDA:0,(anonymous_40)
FNDA:0,(anonymous_41)
FNDA:0,(anonymous_42)
FNDA:0,(anonymous_43)
FNDA:0,(anonymous_44)
FNDA:0,(anonymous_45)
FNDA:0,(anonymous_46)
FNDA:0,(anonymous_47)
FNDA:0,(anonymous_48)
FNDA:0,(anonymous_49)
FNDA:0,(anonymous_50)
FNDA:0,(anonymous_51)
FNDA:0,(anonymous_52)
FNDA:0,(anonymous_53)
FNDA:0,(anonymous_54)
FNDA:0,(anonymous_55)
FNDA:0,(anonymous_56)
FNDA:0,(anonymous_57)
FNDA:0,(anonymous_58)
FNDA:0,(anonymous_59)
FNDA:0,(anonymous_60)
FNDA:0,(anonymous_61)
FNDA:0,(anonymous_62)
FNDA:0,(anonymous_63)
FNDA:0,(anonymous_64)
FNDA:0,(anonymous_65)
FNDA:0,(anonymous_66)
FNDA:0,(anonymous_67)
FNDA:0,(anonymous_68)
FNDA:0,(anonymous_69)
FNDA:0,(anonymous_70)
FNDA:0,(anonymous_71)
FNDA:0,(anonymous_72)
FNDA:0,(anonymous_73)
FNDA:0,(anonymous_74)
FNDA:0,(anonymous_75)
FNDA:0,(anonymous_76)
FNDA:0,(anonymous_77)
FNDA:0,(anonymous_78)
FNDA:0,(anonymous_79)
FNDA:0,(anonymous_80)
FNDA:0,(anonymous_81)
FNDA:0,(anonymous_82)
FNDA:0,(anonymous_83)
FNDA:0,numberize
DA:3,0
DA:4,0
DA:5,0
DA:6,0
DA:7,0
DA:8,0
DA:12,0
DA:13,0
DA:14,0
DA:15,0
DA:16,0
DA:19,0
DA:24,0
DA:26,0
DA:41,0
DA:43,0
DA:65,0
DA:66,0
DA:80,0
DA:81,0
DA:82,0
DA:83,0
DA:98,0
DA:180,0
DA:189,0
DA:198,0
DA:213,0
DA:215,0
DA:216,0
DA:257,0
DA:260,0
DA:269,0
DA:272,0
DA:293,0
DA:311,0
DA:327,0
DA:345,0
DA:395,0
DA:402,0
DA:410,0
DA:459,0
DA:463,0
DA:481,0
DA:502,0
DA:503,0
DA:504,0
DA:505,0
DA:506,0
DA:507,0
DA:508,0
DA:531,0
DA:533,0
DA:541,0
DA:554,0
DA:581,0
DA:589,0
DA:590,0
DA:594,0
DA:645,0
DA:654,0
DA:655,0
DA:657,0
DA:658,0
DA:665,0
DA:674,0
DA:676,0
DA:689,0
DA:692,0
DA:693,0
DA:1008,0
DA:1034,0
DA:1061,0
DA:1063,0
DA:1064,0
DA:1078,0
DA:1135,0
DA:1139,0
DA:1152,0
DA:1161,0
DA:1166,0
DA:1183,0
DA:1188,0
DA:1194,0
DA:1199,0
DA:1224,0
DA:1228,0
DA:1316,0
DA:1321,0
DA:1330,0
DA:1333,0
DA:1360,0
DA:1410,0
DA:1411,0
DA:1412,0
DA:1413,0
DA:1414,0
DA:1415,0
DA:1416,0
DA:1423,0
DA:1504,0
DA:1507,0
LF:101
LH:0
BRDA:30,0,0,0
BRDA:30,0,1,0
BRDA:183,1,0,0
BRDA:183,1,1,0
BRDA:192,2,0,0
BRDA:192,2,1,0
BRDA:259,3,0,0
BRDA:259,3,1,0
BRDA:259,4,0,0
BRDA:259,4,1,0
BRDA:261,5,0,0
BRDA:261,5,1,0
BRDA:271,6,0,0
BRDA:271,6,1,0
BRDA:271,7,0,0
BRDA:271,7,1,0
BRDA:273,8,0,0
BRDA:273,8,1,0
BRDA:295,9,0,0
BRDA:295,9,1,0
BRDA:300,10,0,0
BRDA:300,10,1,0
BRDA:329,11,0,0
BRDA:329,11,1,0
BRDA:334,12,0,0
BRDA:334,12,1,0
BRDA:347,13,0,0
BRDA:347,13,1,0
BRDA:1293,14,0,0
BRDA:1293,14,1,0
BRDA:1293,15,0,0
BRDA:1293,15,1,0
BRDA:1293,16,0,0
BRDA:1293,16,1,0
BRDA:1293,17,0,0
BRDA:1293,17,1,0
BRDA:1504,18,0,0
BRDA:1504,18,1,0
BRDA:1504,19,0,0
BRDA:1504,19,1,0
BRF:40
BRH:0
end_of_record
TN:
SF:../translations/hu.tsx
FN:26,(anonymous_0)
FN:66,(anonymous_1)
FN:67,(anonymous_2)
FN:81,(anonymous_3)
FN:82,(anonymous_4)
FN:83,(anonymous_5)
FN:84,(anonymous_6)
FN:100,(anonymous_7)
FN:183,(anonymous_8)
FN:192,(anonymous_9)
FN:201,(anonymous_10)
FN:217,(anonymous_11)
FN:218,(anonymous_12)
FN:220,(anonymous_13)
FN:260,(anonymous_14)
FN:263,(anonymous_15)
FN:272,(anonymous_16)
FN:275,(anonymous_17)
FN:296,(anonymous_18)
FN:314,(anonymous_19)
FN:330,(anonymous_20)
FN:348,(anonymous_21)
FN:398,(anonymous_22)
FN:406,(anonymous_23)
FN:415,(anonymous_24)
FN:464,(anonymous_25)
FN:469,(anonymous_26)
FN:487,(anonymous_27)
FN:509,(anonymous_28)
FN:510,(anonymous_29)
FN:512,(anonymous_30)
FN:514,(anonymous_31)
FN:516,(anonymous_32)
FN:517,(anonymous_33)
FN:519,(anonymous_34)
FN:542,(anonymous_35)
FN:544,(anonymous_36)
FN:552,(anonymous_37)
FN:565,(anonymous_38)
FN:593,(anonymous_39)
FN:600,(anonymous_40)
FN:602,(anonymous_41)
FN:606,(anonymous_42)
FN:658,(anonymous_43)
FN:667,(anonymous_44)
FN:668,(anonymous_45)
FN:670,(anonymous_46)
FN:672,(anonymous_47)
FN:678,(anonymous_48)
FN:688,(anonymous_49)
FN:689,(anonymous_50)
FN:702,(anonymous_51)
FN:706,(anonymous_52)
FN:707,(anonymous_53)
FN:1023,(anonymous_54)
FN:1049,(anonymous_55)
FN:1076,(anonymous_56)
FN:1078,(anonymous_57)
FN:1079,(anonymous_58)
FN:1094,(anonymous_59)
FN:1152,(anonymous_60)
FN:1157,(anonymous_61)
FN:1170,(anonymous_62)
FN:1179,(anonymous_63)
FN:1184,(anonymous_64)
FN:1201,(anonymous_65)
FN:1206,(anonymous_66)
FN:1212,(anonymous_67)
FN:1217,(anonymous_68)
FN:1243,(anonymous_69)
FN:1248,(anonymous_70)
FN:1338,(anonymous_71)
FN:1343,(anonymous_72)
FN:1353,(anonymous_73)
FN:1355,(anonymous_74)
FN:1382,(anonymous_75)
FN:1433,(anonymous_76)
FN:1434,(anonymous_77)
FN:1435,(anonymous_78)
FN:1436,(anonymous_79)
FN:1437,(anonymous_80)
FN:1438,(anonymous_81)
FN:1439,(anonymous_82)
FN:1445,(anonymous_83)
FN:1530,numberize
FNF:85
FNH:0
FNDA:0,(anonymous_0)
FNDA:0,(anonymous_1)
FNDA:0,(anonymous_2)
FNDA:0,(anonymous_3)
FNDA:0,(anonymous_4)
FNDA:0,(anonymous_5)
FNDA:0,(anonymous_6)
FNDA:0,(anonymous_7)
FNDA:0,(anonymous_8)
FNDA:0,(anonymous_9)
FNDA:0,(anonymous_10)
FNDA:0,(anonymous_11)
FNDA:0,(anonymous_12)
FNDA:0,(anonymous_13)
FNDA:0,(anonymous_14)
FNDA:0,(anonymous_15)
FNDA:0,(anonymous_16)
FNDA:0,(anonymous_17)
FNDA:0,(anonymous_18)
FNDA:0,(anonymous_19)
FNDA:0,(anonymous_20)
FNDA:0,(anonymous_21)
FNDA:0,(anonymous_22)
FNDA:0,(anonymous_23)
FNDA:0,(anonymous_24)
FNDA:0,(anonymous_25)
FNDA:0,(anonymous_26)
FNDA:0,(anonymous_27)
FNDA:0,(anonymous_28)
FNDA:0,(anonymous_29)
FNDA:0,(anonymous_30)
FNDA:0,(anonymous_31)
FNDA:0,(anonymous_32)
FNDA:0,(anonymous_33)
FNDA:0,(anonymous_34)
FNDA:0,(anonymous_35)
FNDA:0,(anonymous_36)
FNDA:0,(anonymous_37)
FNDA:0,(anonymous_38)
FNDA:0,(anonymous_39)
FNDA:0,(anonymous_40)
FNDA:0,(anonymous_41)
FNDA:0,(anonymous_42)
FNDA:0,(anonymous_43)
FNDA:0,(anonymous_44)
FNDA:0,(anonymous_45)
FNDA:0,(anonymous_46)
FNDA:0,(anonymous_47)
FNDA:0,(anonymous_48)
FNDA:0,(anonymous_49)
FNDA:0,(anonymous_50)
FNDA:0,(anonymous_51)
FNDA:0,(anonymous_52)
FNDA:0,(anonymous_53)
FNDA:0,(anonymous_54)
FNDA:0,(anonymous_55)
FNDA:0,(anonymous_56)
FNDA:0,(anonymous_57)
FNDA:0,(anonymous_58)
FNDA:0,(anonymous_59)
FNDA:0,(anonymous_60)
FNDA:0,(anonymous_61)
FNDA:0,(anonymous_62)
FNDA:0,(anonymous_63)
FNDA:0,(anonymous_64)
FNDA:0,(anonymous_65)
FNDA:0,(anonymous_66)
FNDA:0,(anonymous_67)
FNDA:0,(anonymous_68)
FNDA:0,(anonymous_69)
FNDA:0,(anonymous_70)
FNDA:0,(anonymous_71)
FNDA:0,(anonymous_72)
FNDA:0,(anonymous_73)
FNDA:0,(anonymous_74)
FNDA:0,(anonymous_75)
FNDA:0,(anonymous_76)
FNDA:0,(anonymous_77)
FNDA:0,(anonymous_78)
FNDA:0,(anonymous_79)
FNDA:0,(anonymous_80)
FNDA:0,(anonymous_81)
FNDA:0,(anonymous_82)
FNDA:0,(anonymous_83)
FNDA:0,numberize
DA:3,0
DA:4,0
DA:5,0
DA:6,0
DA:7,0
DA:8,0
DA:12,0
DA:13,0
DA:14,0
DA:15,0
DA:16,0
DA:19,0
DA:24,0
DA:26,0
DA:41,0
DA:43,0
DA:66,0
DA:67,0
DA:81,0
DA:82,0
DA:83,0
DA:84,0
DA:100,0
DA:184,0
DA:193,0
DA:202,0
DA:217,0
DA:219,0
DA:220,0
DA:261,0
DA:264,0
DA:273,0
DA:276,0
DA:297,0
DA:315,0
DA:331,0
DA:349,0
DA:399,0
DA:407,0
DA:416,0
DA:465,0
DA:469,0
DA:487,0
DA:509,0
DA:511,0
DA:513,0
DA:515,0
DA:516,0
DA:518,0
DA:519,0
DA:543,0
DA:545,0
DA:553,0
DA:566,0
DA:593,0
DA:601,0
DA:602,0
DA:606,0
DA:658,0
DA:667,0
DA:668,0
DA:671,0
DA:672,0
DA:679,0
DA:688,0
DA:690,0
DA:703,0
DA:706,0
DA:708,0
DA:1023,0
DA:1049,0
DA:1076,0
DA:1078,0
DA:1080,0
DA:1094,0
DA:1153,0
DA:1157,0
DA:1171,0
DA:1180,0
DA:1185,0
DA:1202,0
DA:1207,0
DA:1213,0
DA:1218,0
DA:1244,0
DA:1248,0
DA:1339,0
DA:1344,0
DA:1353,0
DA:1356,0
DA:1383,0
DA:1433,0
DA:1434,0
DA:1435,0
DA:1436,0
DA:1437,0
DA:1438,0
DA:1439,0
DA:1446,0
DA:1531,0
DA:1534,0
LF:101
LH:0
BRDA:30,0,0,0
BRDA:30,0,1,0
BRDA:187,1,0,0
BRDA:187,1,1,0
BRDA:196,2,0,0
BRDA:196,2,1,0
BRDA:263,3,0,0
BRDA:263,3,1,0
BRDA:263,4,0,0
BRDA:263,4,1,0
BRDA:265,5,0,0
BRDA:265,5,1,0
BRDA:275,6,0,0
BRDA:275,6,1,0
BRDA:275,7,0,0
BRDA:275,7,1,0
BRDA:277,8,0,0
BRDA:277,8,1,0
BRDA:299,9,0,0
BRDA:299,9,1,0
BRDA:304,10,0,0
BRDA:304,10,1,0
BRDA:333,11,0,0
BRDA:333,11,1,0
BRDA:338,12,0,0
BRDA:338,12,1,0
BRDA:351,13,0,0
BRDA:351,13,1,0
BRDA:1316,14,0,0
BRDA:1316,14,1,0
BRDA:1316,15,0,0
BRDA:1316,15,1,0
BRDA:1316,16,0,0
BRDA:1316,16,1,0
BRDA:1316,17,0,0
BRDA:1316,17,1,0
BRDA:1531,18,0,0
BRDA:1531,18,1,0
BRDA:1531,19,0,0
BRDA:1531,19,1,0
BRF:40
BRH:0
end_of_record
TN:
SF:../translations/it.tsx
FN:26,(anonymous_0)
FN:65,(anonymous_1)
FN:66,(anonymous_2)
FN:80,(anonymous_3)
FN:81,(anonymous_4)
FN:82,(anonymous_5)
FN:83,(anonymous_6)
FN:98,(anonymous_7)
FN:181,(anonymous_8)
FN:190,(anonymous_9)
FN:199,(anonymous_10)
FN:216,(anonymous_11)
FN:217,(anonymous_12)
FN:219,(anonymous_13)
FN:259,(anonymous_14)
FN:262,(anonymous_15)
FN:271,(anonymous_16)
FN:274,(anonymous_17)
FN:295,(anonymous_18)
FN:313,(anonymous_19)
FN:329,(anonymous_20)
FN:347,(anonymous_21)
FN:397,(anonymous_22)
FN:404,(anonymous_23)
FN:412,(anonymous_24)
FN:461,(anonymous_25)
FN:466,(anonymous_26)
FN:484,(anonymous_27)
FN:505,(anonymous_28)
FN:506,(anonymous_29)
FN:507,(anonymous_30)
FN:508,(anonymous_31)
FN:509,(anonymous_32)
FN:510,(anonymous_33)
FN:511,(anonymous_34)
FN:534,(anonymous_35)
FN:535,(anonymous_36)
FN:543,(anonymous_37)
FN:556,(anonymous_38)
FN:584,(anonymous_39)
FN:592,(anonymous_40)
FN:594,(anonymous_41)
FN:598,(anonymous_42)
FN:650,(anonymous_43)
FN:661,(anonymous_44)
FN:662,(anonymous_45)
FN:664,(anonymous_46)
FN:665,(anonymous_47)
FN:671,(anonymous_48)
FN:681,(anonymous_49)
FN:683,(anonymous_50)
FN:696,(anonymous_51)
FN:700,(anonymous_52)
FN:701,(anonymous_53)
FN:1017,(anonymous_54)
FN:1043,(anonymous_55)
FN:1070,(anonymous_56)
FN:1072,(anonymous_57)
FN:1073,(anonymous_58)
FN:1087,(anonymous_59)
FN:1145,(anonymous_60)
FN:1149,(anonymous_61)
FN:1162,(anonymous_62)
FN:1170,(anonymous_63)
FN:1175,(anonymous_64)
FN:1192,(anonymous_65)
FN:1197,(anonymous_66)
FN:1203,(anonymous_67)
FN:1208,(anonymous_68)
FN:1233,(anonymous_69)
FN:1238,(anonymous_70)
FN:1325,(anonymous_71)
FN:1330,(anonymous_72)
FN:1340,(anonymous_73)
FN:1342,(anonymous_74)
FN:1369,(anonymous_75)
FN:1420,(anonymous_76)
FN:1421,(anonymous_77)
FN:1422,(anonymous_78)
FN:1423,(anonymous_79)
FN:1424,(anonymous_80)
FN:1425,(anonymous_81)
FN:1426,(anonymous_82)
FN:1432,(anonymous_83)
FN:1514,numberize
FNF:85
FNH:0
FNDA:0,(anonymous_0)
FNDA:0,(anonymous_1)
FNDA:0,(anonymous_2)
FNDA:0,(anonymous_3)
FNDA:0,(anonymous_4)
FNDA:0,(anonymous_5)
FNDA:0,(anonymous_6)
FNDA:0,(anonymous_7)
FNDA:0,(anonymous_8)
FNDA:0,(anonymous_9)
FNDA:0,(anonymous_10)
FNDA:0,(anonymous_11)
FNDA:0,(anonymous_12)
FNDA:0,(anonymous_13)
FNDA:0,(anonymous_14)
FNDA:0,(anonymous_15)
FNDA:0,(anonymous_16)
FNDA:0,(anonymous_17)
FNDA:0,(anonymous_18)
FNDA:0,(anonymous_19)
FNDA:0,(anonymous_20)
FNDA:0,(anonymous_21)
FNDA:0,(anonymous_22)
FNDA:0,(anonymous_23)
FNDA:0,(anonymous_24)
FNDA:0,(anonymous_25)
FNDA:0,(anonymous_26)
FNDA:0,(anonymous_27)
FNDA:0,(anonymous_28)
FNDA:0,(anonymous_29)
FNDA:0,(anonymous_30)
FNDA:0,(anonymous_31)
FNDA:0,(anonymous_32)
FNDA:0,(anonymous_33)
FNDA:0,(anonymous_34)
FNDA:0,(anonymous_35)
FNDA:0,(anonymous_36)
FNDA:0,(anonymous_37)
FNDA:0,(anonymous_38)
FNDA:0,(anonymous_39)
FNDA:0,(anonymous_40)
FNDA:0,(anonymous_41)
FNDA:0,(anonymous_42)
FNDA:0,(anonymous_43)
FNDA:0,(anonymous_44)
FNDA:0,(anonymous_45)
FNDA:0,(anonymous_46)
FNDA:0,(anonymous_47)
FNDA:0,(anonymous_48)
FNDA:0,(anonymous_49)
FNDA:0,(anonymous_50)
FNDA:0,(anonymous_51)
FNDA:0,(anonymous_52)
FNDA:0,(anonymous_53)
FNDA:0,(anonymous_54)
FNDA:0,(anonymous_55)
FNDA:0,(anonymous_56)
FNDA:0,(anonymous_57)
FNDA:0,(anonymous_58)
FNDA:0,(anonymous_59)
FNDA:0,(anonymous_60)
FNDA:0,(anonymous_61)
FNDA:0,(anonymous_62)
FNDA:0,(anonymous_63)
FNDA:0,(anonymous_64)
FNDA:0,(anonymous_65)
FNDA:0,(anonymous_66)
FNDA:0,(anonymous_67)
FNDA:0,(anonymous_68)
FNDA:0,(anonymous_69)
FNDA:0,(anonymous_70)
FNDA:0,(anonymous_71)
FNDA:0,(anonymous_72)
FNDA:0,(anonymous_73)
FNDA:0,(anonymous_74)
FNDA:0,(anonymous_75)
FNDA:0,(anonymous_76)
FNDA:0,(anonymous_77)
FNDA:0,(anonymous_78)
FNDA:0,(anonymous_79)
FNDA:0,(anonymous_80)
FNDA:0,(anonymous_81)
FNDA:0,(anonymous_82)
FNDA:0,(anonymous_83)
FNDA:0,numberize
DA:3,0
DA:4,0
DA:5,0
DA:6,0
DA:7,0
DA:8,0
DA:12,0
DA:13,0
DA:14,0
DA:15,0
DA:16,0
DA:19,0
DA:24,0
DA:26,0
DA:41,0
DA:43,0
DA:65,0
DA:66,0
DA:80,0
DA:81,0
DA:82,0
DA:83,0
DA:99,0
DA:182,0
DA:191,0
DA:200,0
DA:216,0
DA:218,0
DA:219,0
DA:260,0
DA:263,0
DA:272,0
DA:275,0
DA:296,0
DA:314,0
DA:330,0
DA:348,0
DA:398,0
DA:405,0
DA:413,0
DA:462,0
DA:466,0
DA:484,0
DA:505,0
DA:506,0
DA:507,0
DA:508,0
DA:509,0
DA:510,0
DA:511,0
DA:534,0
DA:536,0
DA:544,0
DA:557,0
DA:584,0
DA:593,0
DA:594,0
DA:598,0
DA:651,0
DA:661,0
DA:662,0
DA:664,0
DA:665,0
DA:672,0
DA:682,0
DA:684,0
DA:697,0
DA:700,0
DA:702,0
DA:1017,0
DA:1043,0
DA:1070,0
DA:1072,0
DA:1073,0
DA:1087,0
DA:1145,0
DA:1149,0
DA:1162,0
DA:1171,0
DA:1176,0
DA:1193,0
DA:1198,0
DA:1204,0
DA:1209,0
DA:1234,0
DA:1238,0
DA:1326,0
DA:1331,0
DA:1340,0
DA:1343,0
DA:1370,0
DA:1420,0
DA:1421,0
DA:1422,0
DA:1423,0
DA:1424,0
DA:1425,0
DA:1426,0
DA:1433,0
DA:1515,0
DA:1518,0
LF:101
LH:0
BRDA:30,0,0,0
BRDA:30,0,1,0
BRDA:185,1,0,0
BRDA:185,1,1,0
BRDA:194,2,0,0
BRDA:194,2,1,0
BRDA:262,3,0,0
BRDA:262,3,1,0
BRDA:262,4,0,0
BRDA:262,4,1,0
BRDA:264,5,0,0
BRDA:264,5,1,0
BRDA:274,6,0,0
BRDA:274,6,1,0
BRDA:274,7,0,0
BRDA:274,7,1,0
BRDA:276,8,0,0
BRDA:276,8,1,0
BRDA:298,9,0,0
BRDA:298,9,1,0
BRDA:303,10,0,0
BRDA:303,10,1,0
BRDA:332,11,0,0
BRDA:332,11,1,0
BRDA:337,12,0,0
BRDA:337,12,1,0
BRDA:350,13,0,0
BRDA:350,13,1,0
BRDA:1303,14,0,0
BRDA:1303,14,1,0
BRDA:1303,15,0,0
BRDA:1303,15,1,0
BRDA:1303,16,0,0
BRDA:1303,16,1,0
BRDA:1303,17,0,0
BRDA:1303,17,1,0
BRDA:1515,18,0,0
BRDA:1515,18,1,0
BRDA:1515,19,0,0
BRDA:1515,19,1,0
BRF:40
BRH:0
end_of_record
TN:
SF:../translations/sk.tsx
FN:26,(anonymous_0)
FN:66,(anonymous_1)
FN:67,(anonymous_2)
FN:81,(anonymous_3)
FN:82,(anonymous_4)
FN:83,(anonymous_5)
FN:84,(anonymous_6)
FN:100,(anonymous_7)
FN:185,(anonymous_8)
FN:194,(anonymous_9)
FN:203,(anonymous_10)
FN:220,(anonymous_11)
FN:221,(anonymous_12)
FN:223,(anonymous_13)
FN:264,(anonymous_14)
FN:267,(anonymous_15)
FN:276,(anonymous_16)
FN:279,(anonymous_17)
FN:300,(anonymous_18)
FN:318,(anonymous_19)
FN:334,(anonymous_20)
FN:352,(anonymous_21)
FN:401,(anonymous_22)
FN:408,(anonymous_23)
FN:443,(anonymous_24)
FN:494,(anonymous_25)
FN:499,(anonymous_26)
FN:517,(anonymous_27)
FN:538,(anonymous_28)
FN:539,(anonymous_29)
FN:541,(anonymous_30)
FN:543,(anonymous_31)
FN:545,(anonymous_32)
FN:546,(anonymous_33)
FN:548,(anonymous_34)
FN:571,(anonymous_35)
FN:573,(anonymous_36)
FN:581,(anonymous_37)
FN:594,(anonymous_38)
FN:622,(anonymous_39)
FN:630,(anonymous_40)
FN:632,(anonymous_41)
FN:636,(anonymous_42)
FN:687,(anonymous_43)
FN:696,(anonymous_44)
FN:697,(anonymous_45)
FN:700,(anonymous_46)
FN:701,(anonymous_47)
FN:707,(anonymous_48)
FN:717,(anonymous_49)
FN:718,(anonymous_50)
FN:731,(anonymous_51)
FN:735,(anonymous_52)
FN:737,(anonymous_53)
FN:1052,(anonymous_54)
FN:1079,(anonymous_55)
FN:1106,(anonymous_56)
FN:1108,(anonymous_57)
FN:1109,(anonymous_58)
FN:1123,(anonymous_59)
FN:1180,(anonymous_60)
FN:1185,(anonymous_61)
FN:1198,(anonymous_62)
FN:1206,(anonymous_63)
FN:1211,(anonymous_64)
FN:1228,(anonymous_65)
FN:1233,(anonymous_66)
FN:1239,(anonymous_67)
FN:1244,(anonymous_68)
FN:1269,(anonymous_69)
FN:1274,(anonymous_70)
FN:1364,(anonymous_71)
FN:1369,(anonymous_72)
FN:1379,(anonymous_73)
FN:1381,(anonymous_74)
FN:1408,(anonymous_75)
FN:1458,(anonymous_76)
FN:1459,(anonymous_77)
FN:1460,(anonymous_78)
FN:1461,(anonymous_79)
FN:1462,(anonymous_80)
FN:1463,(anonymous_81)
FN:1464,(anonymous_82)
FN:1470,(anonymous_83)
FN:1550,numberize
FNF:85
FNH:0
FNDA:0,(anonymous_0)
FNDA:0,(anonymous_1)
FNDA:0,(anonymous_2)
FNDA:0,(anonymous_3)
FNDA:0,(anonymous_4)
FNDA:0,(anonymous_5)
FNDA:0,(anonymous_6)
FNDA:0,(anonymous_7)
FNDA:0,(anonymous_8)
FNDA:0,(anonymous_9)
FNDA:0,(anonymous_10)
FNDA:0,(anonymous_11)
FNDA:0,(anonymous_12)
FNDA:0,(anonymous_13)
FNDA:0,(anonymous_14)
FNDA:0,(anonymous_15)
FNDA:0,(anonymous_16)
FNDA:0,(anonymous_17)
FNDA:0,(anonymous_18)
FNDA:0,(anonymous_19)
FNDA:0,(anonymous_20)
FNDA:0,(anonymous_21)
FNDA:0,(anonymous_22)
FNDA:0,(anonymous_23)
FNDA:0,(anonymous_24)
FNDA:0,(anonymous_25)
FNDA:0,(anonymous_26)
FNDA:0,(anonymous_27)
FNDA:0,(anonymous_28)
FNDA:0,(anonymous_29)
FNDA:0,(anonymous_30)
FNDA:0,(anonymous_31)
FNDA:0,(anonymous_32)
FNDA:0,(anonymous_33)
FNDA:0,(anonymous_34)
FNDA:0,(anonymous_35)
FNDA:0,(anonymous_36)
FNDA:0,(anonymous_37)
FNDA:0,(anonymous_38)
FNDA:0,(anonymous_39)
FNDA:0,(anonymous_40)
FNDA:0,(anonymous_41)
FNDA:0,(anonymous_42)
FNDA:0,(anonymous_43)
FNDA:0,(anonymous_44)
FNDA:0,(anonymous_45)
FNDA:0,(anonymous_46)
FNDA:0,(anonymous_47)
FNDA:0,(anonymous_48)
FNDA:0,(anonymous_49)
FNDA:0,(anonymous_50)
FNDA:0,(anonymous_51)
FNDA:0,(anonymous_52)
FNDA:0,(anonymous_53)
FNDA:0,(anonymous_54)
FNDA:0,(anonymous_55)
FNDA:0,(anonymous_56)
FNDA:0,(anonymous_57)
FNDA:0,(anonymous_58)
FNDA:0,(anonymous_59)
FNDA:0,(anonymous_60)
FNDA:0,(anonymous_61)
FNDA:0,(anonymous_62)
FNDA:0,(anonymous_63)
FNDA:0,(anonymous_64)
FNDA:0,(anonymous_65)
FNDA:0,(anonymous_66)
FNDA:0,(anonymous_67)
FNDA:0,(anonymous_68)
FNDA:0,(anonymous_69)
FNDA:0,(anonymous_70)
FNDA:0,(anonymous_71)
FNDA:0,(anonymous_72)
FNDA:0,(anonymous_73)
FNDA:0,(anonymous_74)
FNDA:0,(anonymous_75)
FNDA:0,(anonymous_76)
FNDA:0,(anonymous_77)
FNDA:0,(anonymous_78)
FNDA:0,(anonymous_79)
FNDA:0,(anonymous_80)
FNDA:0,(anonymous_81)
FNDA:0,(anonymous_82)
FNDA:0,(anonymous_83)
FNDA:0,numberize
DA:3,0
DA:4,0
DA:5,0
DA:6,0
DA:7,0
DA:8,0
DA:12,0
DA:13,0
DA:14,0
DA:15,0
DA:17,0
DA:19,0
DA:24,0
DA:26,0
DA:42,0
DA:44,0
DA:66,0
DA:67,0
DA:81,0
DA:82,0
DA:83,0
DA:84,0
DA:101,0
DA:186,0
DA:195,0
DA:204,0
DA:220,0
DA:222,0
DA:223,0
DA:265,0
DA:268,0
DA:277,0
DA:280,0
DA:301,0
DA:319,0
DA:335,0
DA:353,0
DA:402,0
DA:409,0
DA:444,0
DA:495,0
DA:499,0
DA:517,0
DA:538,0
DA:540,0
DA:542,0
DA:544,0
DA:545,0
DA:547,0
DA:548,0
DA:572,0
DA:574,0
DA:582,0
DA:595,0
DA:622,0
DA:631,0
DA:632,0
DA:636,0
DA:687,0
DA:696,0
DA:698,0
DA:700,0
DA:701,0
DA:708,0
DA:717,0
DA:719,0
DA:732,0
DA:736,0
DA:737,0
DA:1053,0
DA:1079,0
DA:1106,0
DA:1108,0
DA:1109,0
DA:1123,0
DA:1181,0
DA:1185,0
DA:1198,0
DA:1207,0
DA:1212,0
DA:1229,0
DA:1234,0
DA:1240,0
DA:1245,0
DA:1270,0
DA:1274,0
DA:1365,0
DA:1370,0
DA:1379,0
DA:1382,0
DA:1409,0
DA:1458,0
DA:1459,0
DA:1460,0
DA:1461,0
DA:1462,0
DA:1463,0
DA:1464,0
DA:1471,0
DA:1551,0
DA:1554,0
LF:101
LH:0
BRDA:29,0,0,0
BRDA:29,0,1,0
BRDA:34,1,0,0
BRDA:34,1,1,0
BRDA:189,2,0,0
BRDA:189,2,1,0
BRDA:198,3,0,0
BRDA:198,3,1,0
BRDA:267,4,0,0
BRDA:267,4,1,0
BRDA:267,5,0,0
BRDA:267,5,1,0
BRDA:269,6,0,0
BRDA:269,6,1,0
BRDA:279,7,0,0
BRDA:279,7,1,0
BRDA:279,8,0,0
BRDA:279,8,1,0
BRDA:281,9,0,0
BRDA:281,9,1,0
BRDA:303,10,0,0
BRDA:303,10,1,0
BRDA:308,11,0,0
BRDA:308,11,1,0
BRDA:337,12,0,0
BRDA:337,12,1,0
BRDA:342,13,0,0
BRDA:342,13,1,0
BRDA:355,14,0,0
BRDA:355,14,1,0
BRDA:696,15,0,0
BRDA:696,15,1,0
BRDA:698,16,0,0
BRDA:698,16,1,0
BRDA:1342,17,0,0
BRDA:1342,17,1,0
BRDA:1342,18,0,0
BRDA:1342,18,1,0
BRDA:1342,19,0,0
BRDA:1342,19,1,0
BRDA:1342,20,0,0
BRDA:1342,20,1,0
BRDA:1551,21,0,0
BRDA:1551,21,1,0
BRDA:1551,22,0,0
BRDA:1551,22,1,0
BRDA:1551,23,0,0
BRDA:1551,23,1,0
BRF:48
BRH:0
end_of_record
